make all --print-data-base --no-builtin-variables --no-builtin-rules --question
# GNU Make 3.81
# Copyright (C) 2006  Free Software Foundation, Inc.
# This is free software; see the source for copying conditions.
# There is NO warranty; not even for MERCHANTABILITY or FITNESS FOR A
# PARTICULAR PURPOSE.

# This program built for i386-apple-darwin11.3.0
 

# Make data base, printed on Sun Jul 17 18:17:15 2022

# Variables

# automatic
<D = $(patsubst %/,%,$(dir $<))
# makefile (from `../../libDaisy/core/Makefile', line 68)
PREFIX = arm-none-eabi-
# automatic
?F = $(notdir $?)
# environment
ELECTRON_NO_ATTACH_CONSOLE = 1
# makefile (from `../../libDaisy/core/Makefile', line 200)
LDSCRIPT = $(SYSTEM_FILES_DIR)/STM32H750IB_flash.lds
# makefile (from `Makefile', line 5)
CPP_SOURCES = blank.cpp
# makefile (from `Makefile', line 2)
TARGET = Blank
# automatic
?D = $(patsubst %/,%,$(dir $?))
# makefile (from `../../libDaisy/core/Makefile', line 183)
CPPFLAGS = $(CFLAGS) -fno-exceptions -fasm -finline -finline-functions-called-once -fshort-enums -fno-move-loop-invariants -fno-unwind-tables -Wno-register
# makefile (from `../../libDaisy/core/Makefile', line 106)
AS_DEFS = 
# makefile (from `../../libDaisy/core/Makefile', line 128)
AS_INCLUDES = 
# automatic
@D = $(patsubst %/,%,$(dir $@))
# automatic
@F = $(notdir $@)
# makefile
CURDIR := /Users/cricketbee/Desktop/DaisyExamples/patch/BLANK
# makefile
SHELL = /bin/sh
# makefile (from `../../libDaisy/core/Makefile', line 87)
BIN = $(CP) -O binary -S
# environment
VSCODE_NLS_CONFIG = {"locale":"en-us","availableLanguages":{},"_languagePackSupport":true}
# makefile (from `../../libDaisy/core/Makefile', line 84)
SZ = $(PREFIX)size
# environment
_ = /usr/bin/make
# makefile (from `../../libDaisy/core/Makefile', line 180)
CFLAGS = $(MCU) $(C_DEFS) $(C_INCLUDES) $(OPT) -Wall -Wno-missing-attributes -fasm -fdata-sections -ffunction-sections -Wno-stringop-overflow -g -ggdb -MMD -MP -MF"$(@:%.o=%.d)"
# makefile (from `build/startup_stm32h750xx.d', line 1)
MAKEFILE_LIST :=  Makefile ../../libDaisy/core/Makefile build/blank.d build/startup_stm32h750xx.d
# makefile (from `../../libDaisy/core/Makefile', line 83)
CP = $(PREFIX)objcopy
# makefile (from `../../libDaisy/core/Makefile', line 193)
C_STANDARD = -std=gnu11
# makefile (from `../../libDaisy/core/Makefile', line 82)
AS = $(PREFIX)gcc -x assembler-with-cpp
# environment
__CFBundleIdentifier = com.microsoft.VSCode
# environment
INFOPATH = /opt/homebrew/share/info:
# makefile (from `../../libDaisy/core/Makefile', line 3)
CHIPSET = stm32h7x
# makefile (from `../../libDaisy/core/Makefile', line 23)
GDB_FLAGS = 
# environment
VSCODE_CWD = /Users/cricketbee/Desktop/DaisyExamples/patch/BLANK
# environment
PATH = /opt/local/bin:/opt/local/sbin:/opt/homebrew/bin:/opt/homebrew/sbin:/usr/local/bin:/usr/bin:/bin:/usr/sbin:/sbin:/usr/local/go/bin:/usr/local/share/dotnet:~/.dotnet/tools:/Users/cricketbee/go/bin:/Users/cricketbee
# environment
LSCOLORS = Gxfxcxdxbxegedabagacad
# makefile (from `../../libDaisy/core/Makefile', line 194)
CPP_STANDARD = -std=gnu++14
# environment
GOPATH = /Users/cricketbee/go
# makefile (from `Makefile', line 10)
DAISYSP_DIR = ../../DaisySP
# environment
LaunchInstanceID = CBD0DB8D-5254-496C-8BAB-2775BC6FD471
# environment
ELECTRON_RUN_AS_NODE = 1
# makefile (from `../../libDaisy/core/Makefile', line 214)
LDFLAGS =  $(MCU) --specs=nano.specs --specs=nosys.specs -T$(LDSCRIPT) $(LIBDIR) $(LIBS) -Wl,-Map=$(BUILD_DIR)/$(TARGET).map,--cref -Wl,--gc-sections -Wl,--print-memory-usage
# default
.FEATURES := target-specific order-only second-expansion else-if archives jobserver check-symlink
# environment
SSH_AUTH_SOCK = /private/tmp/com.apple.launchd.npg8gJmWzR/Listeners
# automatic
%F = $(notdir $%)
# makefile (from `Makefile', line 7)
OPT = -Os 
# makefile (from `../../libDaisy/core/Makefile', line 5)
TARGET_BIN = $(TARGET).bin
# environment
PWD = /Users/cricketbee/desktop/daisyexamples/patch/blank
# makefile (from `../../libDaisy/core/Makefile', line 9)
QSPI_ADDRESS = 0x90040000
# environment
HOMEBREW_CELLAR = /opt/homebrew/Cellar
# environment
ORIGINAL_XDG_CURRENT_DESKTOP = undefined
# environment
MANPATH = /opt/local/share/man:/opt/homebrew/share/man::
# environment
VSCODE_AMD_ENTRYPOINT = vs/workbench/api/node/extensionHostProcess
# environment
HOME = /Users/cricketbee
# default
MAKEFILEPATH = $(shell /usr/bin/xcode-select -print-path 2>/dev/null || echo /Developer)/Makefiles
# environment
VSCODE_CLI = 1
# environment
VSCODE_CODE_CACHE_PATH = /Users/cricketbee/Library/Application Support/Code/CachedData/b06ae3b2d2dbfe28bca3134cc6be65935cdfea6a
# environment
LOGNAME = cricketbee
# environment
APPLICATION_INSIGHTS_NO_DIAGNOSTIC_CHANNEL = 1
# makefile (from `../../libDaisy/core/Makefile', line 19)
OCD_DIR = /usr/local/share/openocd/scripts
# environment
ZSH = /Users/cricketbee/.oh-my-zsh
# environment
VSCODE_HANDLES_UNCAUGHT_ERRORS = true
# automatic
^D = $(patsubst %/,%,$(dir $^))
# makefile (from `../../libDaisy/core/Makefile', line 116)
C_DEFS =  -DUSE_HAL_DRIVER -DSTM32H750xx -DHSE_VALUE=16000000  -DCORE_CM7 -DSTM32H750IB -DARM_MATH_CM7 -DUSE_FULL_LL_DRIVER
# environment
XPC_FLAGS = 0x0
# environment
COLORTERM = truecolor
 
# default
MAKE = $(MAKE_COMMAND)
# environment
LC_TERMINAL = iTerm2
# environment
SHLVL = 3
# makefile (from `../../libDaisy/core/Makefile', line 99)
FLOAT-ABI = -mfloat-abi=hard
# makefile (from `../../libDaisy/core/Makefile', line 86)
HEX = $(CP) -O ihex
# makefile (from `../../libDaisy/core/Makefile', line 79)
CC = $(PREFIX)gcc
# makefile (from `../../libDaisy/core/Makefile', line 41)
BUILD_DIR = build
# makefile (from `../../libDaisy/core/Makefile', line 169)
ASFLAGS = $(MCU) $(AS_DEFS) $(AS_INCLUDES) $(OPT) -Wall -fdata-sections -ffunction-sections
# default
MAKE_VERSION := 3.81
# environment
USER = cricketbee
# makefile
.DEFAULT_GOAL := all
# default
MAKECMDGOALS := all
# environment
TERM_SESSION_ID = w1t0p0:610737D9-6DBE-495C-A3D8-CDB957BA9527
# environment
LESS = -R
# automatic
%D = $(patsubst %/,%,$(dir $%))
# makefile (from `../../libDaisy/core/Makefile', line 210)
LIBDIR = -L$(LIBDAISY_DIR)/build -L $(DAISYSP_DIR)/build
# makefile (from `../../libDaisy/core/Makefile', line 93)
CPU = -mcpu=cortex-m7
# makefile (from `../../libDaisy/core/Makefile', line 96)
FPU = -mfpu=fpv5-d16
# makefile (from `../../libDaisy/core/Makefile', line 20)
PGM_DEVICE = interface/stlink.cfg
# default
MAKE_COMMAND := /Library/Developer/CommandLineTools/usr/bin/make
# makefile (from `../../libDaisy/core/Makefile', line 7)
BOOT_BIN = $(wildcard $(SYSTEM_FILES_DIR)/dsy_bootloader*)
# environment
TERM_PROGRAM = iTerm.app
# default
.VARIABLES := 
# environment
TMPDIR = /var/folders/g0/l1whnkgn26zgpvrkcv2dxrg40000gn/T/
# automatic
*F = $(notdir $*)
# environment
VSCODE_IPC_HOOK = /Users/cricketbee/Library/Application Support/Code/1.69.1-main.sock
# environment
MallocNanoZone = 0
# makefile
MAKEFLAGS = Rrqp
# environment
MFLAGS = -Rrqp
# automatic
*D = $(patsubst %/,%,$(dir $*))
# environment
TERM_PROGRAM_VERSION = 3.4.15
# makefile (from `../../libDaisy/core/Makefile', line 18)
OCD = openocd
# environment
XPC_SERVICE_NAME = application.com.microsoft.VSCode.6913933.6913939.BF4F969A-C7AC-442C-9326-F7C9BD8AE9E6
# environment
LC_TERMINAL_VERSION = 3.4.15
# environment
HOMEBREW_PREFIX = /opt/homebrew
# automatic
+D = $(patsubst %/,%,$(dir $+))
# makefile (from `../../libDaisy/core/Makefile', line 6)
TARGET_ELF = $(TARGET).elf
# automatic
+F = $(notdir $+)
# environment
ITERM_SESSION_ID = w1t0p0:610737D9-6DBE-495C-A3D8-CDB957BA9527
# makefile (from `../../libDaisy/core/Makefile', line 8)
FLASH_ADDRESS = 0x08000000
# environment
HOMEBREW_REPOSITORY = /opt/homebrew
# makefile (from `../../libDaisy/core/Makefile', line 102)
MCU = $(CPU) -mthumb $(FPU) $(FLOAT-ABI)
# environment
COLORFGBG = 7;0
# makefile (from `../../libDaisy/core/Makefile', line 166)
C_INCLUDES = -include stm32h7xx.h -I$(LIBDAISY_DIR) -I$(LIBDAISY_DIR)/src/ -I$(LIBDAISY_DIR)/src/sys -I$(LIBDAISY_DIR)/src/usbd -I$(LIBDAISY_DIR)/src/usbh -I$(LIBDAISY_DIR)/Drivers/CMSIS/Include/ -I$(LIBDAISY_DIR)/Drivers/CMSIS/DSP/Include -I$(LIBDAISY_DIR)/Drivers/CMSIS/Device/ST/STM32H7xx/Include -I$(LIBDAISY_DIR)/Drivers/STM32H7xx_HAL_Driver/Inc/ -I$(LIBDAISY_DIR)/Middlewares/ST/STM32_USB_Device_Library/Core/Inc -I$(LIBDAISY_DIR)/Middlewares/ST/STM32_USB_Host_Library/Core/Inc -I$(LIBDAISY_DIR)/Middlewares/ST/STM32_USB_Host_Library/Class/MSC/Inc -I$(SYSTEM_FILES_DIR)/ -I$(DAISYSP_DIR)/Source -I$(FATFS_DIR)
# environment
__CF_USER_TEXT_ENCODING = 0x1F5:0x0:0x0
# environment
COMMAND_MODE = unix2003
# makefile (from `../../libDaisy/core/Makefile', line 155)
FATFS_DIR = $(LIBDAISY_DIR)/Middlewares/Third_Party/FatFs/src
# default
MAKEFILES := 
# automatic
<F = $(notdir $<)
# environment
ITERM_PROFILE = Default
# makefile (from `../../libDaisy/core/Makefile', line 21)
OCDFLAGS = -f $(PGM_DEVICE) -f target/$(CHIPSET).cfg
# makefile (from `../../libDaisy/core/Makefile', line 80)
CXX = $(PREFIX)g++ 
# makefile (from `../../libDaisy/core/Makefile', line 157)
FATFS_SOURCES =  $(FATFS_DIR)/diskio.c $(FATFS_DIR)/ff.c $(FATFS_DIR)/ff_gen_drv.c $(FATFS_DIR)/option/ccsbcs.c
# environment
PAGER = less
# environment
LC_ALL = C
# makefile (from `Makefile', line 13)
SYSTEM_FILES_DIR = $(LIBDAISY_DIR)/core
# makefile (from `Makefile', line 9)
LIBDAISY_DIR = ../../libDaisy
# makefile (from `../../libDaisy/core/Makefile', line 81)
GDB = $(PREFIX)gdb
# makefile (from `../../libDaisy/core/Makefile', line 209)
LIBS = -ldaisy -lc -lm -lnosys -ldaisysp
# environment
SECURITYSESSIONID = 186a5
# automatic
^F = $(notdir $^)
# makefile (from `../../libDaisy/core/Makefile', line 55)
C_SOURCES = $(SYSTEM_FILES_DIR)/startup_stm32h750xx.c
# default
SUFFIXES := 
# default
.INCLUDE_DIRS = /usr/local/include
# environment
MAKELEVEL := 0
# makefile (from `../../libDaisy/core/Makefile', line 228)
OBJECTS = $(addprefix $(BUILD_DIR)/,$(notdir $(C_SOURCES:.c=.o))) $(addprefix $(BUILD_DIR)/,$(notdir $(CPP_SOURCES:.cpp=.o))) $(addprefix $(BUILD_DIR)/,$(notdir $(ASM_SOURCES:.s=.o)))
# environment
LANG = C
# environment
TERM = xterm-256color
# environment
VSCODE_PID = 45834
# variable set hash-table stats:
# Load=130/1024=13%, Rehash=0, Collisions=27/253=11%

# Pattern-specific Variable Values

# No pattern-specific variable values.

# Directories

# . (device 16777234, inode 7184120): 6 files, no impossibilities.
# build (device 16777234, inode 7226241): 12 files, no impossibilities.
# ../../libDaisy/core (device 16777234, inode 4610121): 10 files, no impossibilities.

# 28 files, no impossibilities in 3 directories.

 
# Implicit Rules

build/%.o: %.c Makefile | build
#  commands to execute (from `../../libDaisy/core/Makefile', line 232):
	$(CC) -c $(CFLAGS) $(C_STANDARD) -Wa,-a,-ad,-alms=$(BUILD_DIR)/$(notdir $(<:.c=.lst)) $< -o $@
	

build/%.o: %.cpp Makefile | build
#  commands to execute (from `../../libDaisy/core/Makefile', line 235):
	$(CXX) -c $(CPPFLAGS) $(CPP_STANDARD) -Wa,-a,-ad,-alms=$(BUILD_DIR)/$(notdir $(<:.cpp=.lst)) $< -o $@
	

build/%.o: %.s Makefile | build
#  commands to execute (from `../../libDaisy/core/Makefile', line 238):
	$(AS) -c $(ASFLAGS) $< -o $@
	

build/%.hex: build/%.elf | build
#  commands to execute (from `../../libDaisy/core/Makefile', line 244):
	$(HEX) $< $@
	

build/%.bin: build/%.elf | build
#  commands to execute (from `../../libDaisy/core/Makefile', line 247):
	$(BIN) $< $@
	

# 5 implicit rules, 0 (0.0%) terminal.

# Files

../../libDaisy/src/sys/ffconf.h:
#  Implicit rule search has been done.
#  Last modified 2022-06-21 17:36:36
#  File has been updated.
#  Successfully updated.
# variable set hash-table stats:
# Load=0/32=0%, Rehash=0, Collisions=0/0=0%

../../libDaisy/src/per/uart.h:
#  Implicit rule search has been done.
#  Last modified 2022-06-21 17:36:36
#  File has been updated.
#  Successfully updated.
# variable set hash-table stats:
# Load=0/32=0%, Rehash=0, Collisions=0/0=0%

../../libDaisy/Drivers/STM32H7xx_HAL_Driver/Inc/stm32h7xx_hal_gpio_ex.h:
#  Implicit rule search has been done.
#  Last modified 2022-06-21 17:36:36
#  File has been updated.
#  Successfully updated.
# variable set hash-table stats:
# Load=0/32=0%, Rehash=0, Collisions=0/0=0%

../../libDaisy/src/dev/sr_4021.h:
#  Implicit rule search has been done.
#  Last modified 2022-06-21 17:36:36
#  File has been updated.
#  Successfully updated.
# variable set hash-table stats:
# Load=0/32=0%, Rehash=0, Collisions=0/0=0%

../../libDaisy/src/util/oled_fonts.h:
#  Implicit rule search has been done.
#  Last modified 2022-06-21 17:36:36
#  File has been updated.
#  Successfully updated.
# variable set hash-table stats:
# Load=0/32=0%, Rehash=0, Collisions=0/0=0%

../../libDaisy/Drivers/STM32H7xx_HAL_Driver/Inc/stm32h7xx_hal_sdram.h:
#  Implicit rule search has been done.
#  Last modified 2022-06-21 17:36:36
#  File has been updated.
#  Successfully updated.
# variable set hash-table stats:
# Load=0/32=0%, Rehash=0, Collisions=0/0=0%

../../libDaisy/src/daisy_seed.h:
#  Implicit rule search has been done.
#  Last modified 2022-06-21 17:36:36
#  File has been updated.
#  Successfully updated.
# variable set hash-table stats:
# Load=0/32=0%, Rehash=0, Collisions=0/0=0%

../../libDaisy/src/ui/PotMonitor.h:
#  Implicit rule search has been done.
#  Last modified 2022-06-21 17:36:36
#  File has been updated.
#  Successfully updated.
# variable set hash-table stats:
# Load=0/32=0%, Rehash=0, Collisions=0/0=0%

../../DaisySP/Source/PhysicalModeling/KarplusString.h:
#  Implicit rule search has been done.
#  Last modified 2022-06-21 17:36:36
#  File has been updated.
#  Successfully updated.
# variable set hash-table stats:
# Load=0/32=0%, Rehash=0, Collisions=0/0=0%

../../DaisySP/Source/Utility/looper.h:
#  Implicit rule search has been done.
#  Last modified 2022-06-21 17:36:36
#  File has been updated.
#  Successfully updated.
# variable set hash-table stats:
# Load=0/32=0%, Rehash=0, Collisions=0/0=0%

../../libDaisy/Drivers/STM32H7xx_HAL_Driver/Inc/stm32h7xx_hal_jpeg.h:
#  Implicit rule search has been done.
#  Last modified 2022-06-21 17:36:36
#  File has been updated.
#  Successfully updated.
# variable set hash-table stats:
# Load=0/32=0%, Rehash=0, Collisions=0/0=0%

../../DaisySP/Source/Utility/delayline.h:
#  Implicit rule search has been done.
#  Last modified 2022-06-21 17:36:36
#  File has been updated.
#  Successfully updated.
# variable set hash-table stats:
# Load=0/32=0%, Rehash=0, Collisions=0/0=0%

../../DaisySP/Source/Utility/samplehold.h:
#  Implicit rule search has been done.
#  Last modified 2022-06-21 17:36:36
#  File has been updated.
#  Successfully updated.
# variable set hash-table stats:
# Load=0/32=0%, Rehash=0, Collisions=0/0=0%

../../DaisySP/Source/PhysicalModeling/pluck.h:
#  Implicit rule search has been done.
#  Last modified 2022-06-21 17:36:36
#  File has been updated.
#  Successfully updated.
# variable set hash-table stats:
# Load=0/32=0%, Rehash=0, Collisions=0/0=0%

../../libDaisy/src/util/WaveTableLoader.h:
#  Implicit rule search has been done.
#  Last modified 2022-06-21 17:36:36
#  File has been updated.
#  Successfully updated.
# variable set hash-table stats:
# Load=0/32=0%, Rehash=0, Collisions=0/0=0%

program:
#  Implicit rule search has not been done.
#  Modification time never checked.
#  File has not been updated.
#  commands to execute (from `../../libDaisy/core/Makefile', line 281):
	$(OCD) -s $(OCD_DIR) $(OCDFLAGS) \
	-c "program ./build/$(TARGET).elf verify reset exit"
	

../../libDaisy/src/dev/codec_wm8731.h:
#  Implicit rule search has been done.
#  Last modified 2022-06-21 17:36:36
#  File has been updated.
#  Successfully updated.
# variable set hash-table stats:
# Load=0/32=0%, Rehash=0, Collisions=0/0=0%

../../libDaisy/Drivers/STM32H7xx_HAL_Driver/Inc/stm32h7xx_hal_crc_ex.h:
#  Implicit rule search has been done.
#  Last modified 2022-06-21 17:36:36
#  File has been updated.
#  Successfully updated.
# variable set hash-table stats:
# Load=0/32=0%, Rehash=0, Collisions=0/0=0%

../../libDaisy/src/sys/stm32h7xx_hal_conf.h:
#  Implicit rule search has been done.
#  Last modified 2022-06-21 17:36:36
#  File has been updated.
#  Successfully updated.
# variable set hash-table stats:
# Load=0/32=0%, Rehash=0, Collisions=0/0=0%

../../libDaisy/Drivers/STM32H7xx_HAL_Driver/Inc/stm32h7xx_hal_cryp.h:
#  Implicit rule search has been done.
#  Last modified 2022-06-21 17:36:36
#  File has been updated.
#  Successfully updated.
# variable set hash-table stats:
# Load=0/32=0%, Rehash=0, Collisions=0/0=0%

../../DaisySP/Source/Filters/svf.h:
#  Implicit rule search has been done.
#  Last modified 2022-06-21 17:36:36
#  File has been updated.
#  Successfully updated.
# variable set hash-table stats:
# Load=0/32=0%, Rehash=0, Collisions=0/0=0%

debug_client:
#  Implicit rule search has not been done.
#  Modification time never checked.
#  File has not been updated.
#  commands to execute (from `../../libDaisy/core/Makefile', line 278):
	ddd --eval-command="target remote localhost:3333" --debugger $(GDB) $(TARGET_ELF)
	

../../libDaisy/src/dev/mcp23x17.h:
#  Implicit rule search has been done.
#  Last modified 2022-06-21 17:36:36
#  File has been updated.
#  Successfully updated.
# variable set hash-table stats:
# Load=0/32=0%, Rehash=0, Collisions=0/0=0%

../../libDaisy/Drivers/STM32H7xx_HAL_Driver/Inc/stm32h7xx_hal_rcc_ex.h:
#  Implicit rule search has been done.
#  Last modified 2022-06-21 17:36:36
#  File has been updated.
#  Successfully updated.
# variable set hash-table stats:
# Load=0/32=0%, Rehash=0, Collisions=0/0=0%

../../DaisySP/Source/Effects/sampleratereducer.h:
#  Implicit rule search has been done.
#  Last modified 2022-06-21 17:36:36
#  File has been updated.
#  Successfully updated.
# variable set hash-table stats:
# Load=0/32=0%, Rehash=0, Collisions=0/0=0%

../../libDaisy/Drivers/STM32H7xx_HAL_Driver/Inc/stm32h7xx_hal_usart.h:
#  Implicit rule search has been done.
#  Last modified 2022-06-21 17:36:36
#  File has been updated.
#  Successfully updated.
# variable set hash-table stats:
# Load=0/32=0%, Rehash=0, Collisions=0/0=0%

../../DaisySP/Source/Noise/dust.h:
#  Implicit rule search has been done.
#  Last modified 2022-06-21 17:36:36
#  File has been updated.
#  Successfully updated.
# variable set hash-table stats:
# Load=0/32=0%, Rehash=0, Collisions=0/0=0%

../../libDaisy/src/per/qspi.h:
#  Implicit rule search has been done.
#  Last modified 2022-06-21 17:36:36
#  File has been updated.
#  Successfully updated.
# variable set hash-table stats:
# Load=0/32=0%, Rehash=0, Collisions=0/0=0%

../../libDaisy/Drivers/STM32H7xx_HAL_Driver/Inc/stm32h7xx_hal_rtc_ex.h:
#  Implicit rule search has been done.
#  Last modified 2022-06-21 17:36:36
#  File has been updated.
 
#  Successfully updated.
# variable set hash-table stats:
# Load=0/32=0%, Rehash=0, Collisions=0/0=0%

../../libDaisy/Drivers/STM32H7xx_HAL_Driver/Inc/stm32h7xx_hal_ltdc.h:
#  Implicit rule search has been done.
#  Last modified 2022-06-21 17:36:36
#  File has been updated.
#  Successfully updated.
# variable set hash-table stats:
# Load=0/32=0%, Rehash=0, Collisions=0/0=0%

../../DaisySP/Source/Drums/synthsnaredrum.h:
#  Implicit rule search has been done.
#  Last modified 2022-06-21 17:36:36
#  File has been updated.
#  Successfully updated.
# variable set hash-table stats:
# Load=0/32=0%, Rehash=0, Collisions=0/0=0%

all: build/Blank.elf build/Blank.hex build/Blank.bin
#  Command-line target.
#  Implicit rule search has been done.
#  File does not exist.
#  File has been updated.
#  Successfully updated.
# variable set hash-table stats:
# Load=0/32=0%, Rehash=0, Collisions=0/0=0%

../../libDaisy/Drivers/STM32H7xx_HAL_Driver/Inc/stm32h7xx_hal_i2c.h:
#  Implicit rule search has been done.
#  Last modified 2022-06-21 17:36:36
#  File has been updated.
#  Successfully updated.
# variable set hash-table stats:
# Load=0/32=0%, Rehash=0, Collisions=0/0=0%

../../libDaisy/src/ui/../util/Stack.h:
#  Implicit rule search has been done.
#  Last modified 2022-06-21 17:36:36
#  File has been updated.
#  Successfully updated.
# variable set hash-table stats:
# Load=0/32=0%, Rehash=0, Collisions=0/0=0%

../../libDaisy/src/per/gpio.h:
#  Implicit rule search has been done.
#  Last modified 2022-06-21 17:36:36
#  File has been updated.
#  Successfully updated.
# variable set hash-table stats:
# Load=0/32=0%, Rehash=0, Collisions=0/0=0%

openocd:
#  Implicit rule search has not been done.
#  Modification time never checked.
#  File has not been updated.
#  commands to execute (from `../../libDaisy/core/Makefile', line 263):
	$(OCD) -s $(OCD_DIR) $(OCDFLAGS)
	

../../DaisySP/Source/Noise/particle.h:
#  Implicit rule search has been done.
#  Last modified 2022-06-21 17:36:36
#  File has been updated.
#  Successfully updated.
# variable set hash-table stats:
# Load=0/32=0%, Rehash=0, Collisions=0/0=0%

build/Blank.bin: build/Blank.elf | build
#  Implicit rule search has been done.
#  Implicit/static pattern stem: `Blank'
#  Last modified 2022-07-17 17:53:17
#  File has been updated.
#  Successfully updated.
# variable set hash-table stats:
# Load=0/32=0%, Rehash=0, Collisions=0/0=0%
#  commands to execute (from `../../libDaisy/core/Makefile', line 247):
	$(BIN) $< $@
	

../../libDaisy/src/hid/switch.h:
#  Implicit rule search has been done.
#  Last modified 2022-06-21 17:36:36
#  File has been updated.
#  Successfully updated.
# variable set hash-table stats:
# Load=0/32=0%, Rehash=0, Collisions=0/0=0%

../../libDaisy/Drivers/STM32H7xx_HAL_Driver/Inc/stm32h7xx_hal_dfsdm.h:
#  Implicit rule search has been done.
#  Last modified 2022-06-21 17:36:36
#  File has been updated.
#  Successfully updated.
# variable set hash-table stats:
# Load=0/32=0%, Rehash=0, Collisions=0/0=0%

../../libDaisy/src/ui/UI.h:
#  Implicit rule search has been done.
#  Last modified 2022-06-21 17:36:36
#  File has been updated.
#  Successfully updated.
# variable set hash-table stats:
# Load=0/32=0%, Rehash=0, Collisions=0/0=0%

../../DaisySP/Source/Synthesis/variableshapeosc.h:
#  Implicit rule search has been done.
#  Last modified 2022-06-21 17:36:36
#  File has been updated.
#  Successfully updated.
# variable set hash-table stats:
# Load=0/32=0%, Rehash=0, Collisions=0/0=0%

../../libDaisy/src/dev/sdram.h:
#  Implicit rule search has been done.
#  Last modified 2022-06-21 17:36:36
#  File has been updated.
#  Successfully updated.
# variable set hash-table stats:
# Load=0/32=0%, Rehash=0, Collisions=0/0=0%

../../libDaisy/Drivers/STM32H7xx_HAL_Driver/Inc/stm32h7xx_hal_pcd_ex.h:
#  Implicit rule search has been done.
#  Last modified 2022-06-21 17:36:36
#  File has been updated.
#  Successfully updated.
# variable set hash-table stats:
# Load=0/32=0%, Rehash=0, Collisions=0/0=0%

../../libDaisy/src/per/sdmmc.h:
#  Implicit rule search has been done.
#  Last modified 2022-06-21 17:36:36
#  File has been updated.
#  Successfully updated.
# variable set hash-table stats:
# Load=0/32=0%, Rehash=0, Collisions=0/0=0%

../../DaisySP/Source/PhysicalModeling/PolyPluck.h:
#  Implicit rule search has been done.
#  Last modified 2022-06-21 17:36:36
#  File has been updated.
#  Successfully updated.
# variable set hash-table stats:
# Load=0/32=0%, Rehash=0, Collisions=0/0=0%

../../libDaisy/Drivers/STM32H7xx_HAL_Driver/Inc/stm32h7xx_hal_uart.h:
#  Implicit rule search has been done.
#  Last modified 2022-06-21 17:36:36
#  File has been updated.
#  Successfully updated.
# variable set hash-table stats:
# Load=0/32=0%, Rehash=0, Collisions=0/0=0%

../../libDaisy/src/util/ringbuffer.h:
#  Implicit rule search has been done.
#  Last modified 2022-06-21 17:36:36
#  File has been updated.
#  Successfully updated.
# variable set hash-table stats:
# Load=0/32=0%, Rehash=0, Collisions=0/0=0%

../../libDaisy/Drivers/STM32H7xx_HAL_Driver/Inc/stm32h7xx_hal_sd.h:
#  Implicit rule search has been done.
#  Last modified 2022-06-21 17:36:36
#  File has been updated.
#  Successfully updated.
# variable set hash-table stats:
# Load=0/32=0%, Rehash=0, Collisions=0/0=0%

../../DaisySP/Source/Filters/atone.h:
#  Implicit rule search has been done.
#  Last modified 2022-06-21 17:36:36
#  File has been updated.
#  Successfully updated.
# variable set hash-table stats:
# Load=0/32=0%, Rehash=0, Collisions=0/0=0%

../../DaisySP/Source/Effects/phaser.h:
#  Implicit rule search has been done.
#  Last modified 2022-06-21 17:36:36
#  File has been updated.
#  Successfully updated.
# variable set hash-table stats:
# Load=0/32=0%, Rehash=0, Collisions=0/0=0%

../../DaisySP/Source/Dynamics/balance.h:
#  Implicit rule search has been done.
#  Last modified 2022-06-21 17:36:36
#  File has been updated.
#  Successfully updated.
# variable set hash-table stats:
# Load=0/32=0%, Rehash=0, Collisions=0/0=0%

../../libDaisy/src/hid/encoder.h:
#  Implicit rule search has been done.
#  Last modified 2022-06-21 17:36:36
#  File has been updated.
#  Successfully updated.
# variable set hash-table stats:
# Load=0/32=0%, Rehash=0, Collisions=0/0=0%

../../DaisySP/Source/Dynamics/crossfade.h:
#  Implicit rule search has been done.
#  Last modified 2022-06-21 17:36:36
#  File has been updated.
#  Successfully updated.
# variable set hash-table stats:
# Load=0/32=0%, Rehash=0, Collisions=0/0=0%

../../libDaisy/Drivers/STM32H7xx_HAL_Driver/Inc/stm32h7xx_hal_smartcard.h:
#  Implicit rule search has been done.
#  Last modified 2022-06-21 17:36:36
#  File has been updated.
#  Successfully updated.
# variable set hash-table stats:
# Load=0/32=0%, Rehash=0, Collisions=0/0=0%

../../libDaisy/Drivers/STM32H7xx_HAL_Driver/Inc/stm32h7xx_ll_usb.h:
#  Implicit rule search has been done.
#  Last modified 2022-06-21 17:36:36
#  File has been updated.
#  Successfully updated.
# variable set hash-table stats:
# Load=0/32=0%, Rehash=0, Collisions=0/0=0%

../../DaisySP/Source/Drums/analogbassdrum.h:
#  Implicit rule search has been done.
#  Last modified 2022-06-21 17:36:36
#  File has been updated.
#  Successfully updated.
# variable set hash-table stats:
# Load=0/32=0%, Rehash=0, Collisions=0/0=0%

../../libDaisy/src/hid/disp/graphics_common.h:
#  Implicit rule search has been done.
#  Last modified 2022-06-21 17:36:36
#  File has been updated.
#  Successfully updated.
# variable set hash-table stats:
# Load=0/32=0%, Rehash=0, Collisions=0/0=0%

program-dfu:
#  Implicit rule search has not been done.
#  Modification time never checked.
#  File has not been updated.
#  commands to execute (from `../../libDaisy/core/Makefile', line 289):
	dfu-util -a 0 -s $(FLASH_ADDRESS):leave -D $(BUILD_DIR)/$(TARGET_BIN) -d ,0483:df11
	

../../DaisySP/Source/Filters/allpass.h:
#  Implicit rule search has been done.
#  Last modified 2022-06-21 17:36:36
#  File has been updated.
#  Successfully updated.
# variable set hash-table stats:
# Load=0/32=0%, Rehash=0, Collisions=0/0=0%

../../DaisySP/Source/Effects/chorus.h:
#  Implicit rule search has been done.
 
#  Last modified 2022-06-21 17:36:36
#  File has been updated.
#  Successfully updated.
# variable set hash-table stats:
# Load=0/32=0%, Rehash=0, Collisions=0/0=0%

../../libDaisy/src/hid/ctrl.h:
#  Implicit rule search has been done.
#  Last modified 2022-06-21 17:36:36
#  File has been updated.
#  Successfully updated.
# variable set hash-table stats:
# Load=0/32=0%, Rehash=0, Collisions=0/0=0%

../../DaisySP/Source/Utility/maytrig.h:
#  Implicit rule search has been done.
#  Last modified 2022-06-21 17:36:36
#  File has been updated.
#  Successfully updated.
# variable set hash-table stats:
# Load=0/32=0%, Rehash=0, Collisions=0/0=0%

# Not a target:
build/startup_stm32h750xx.d:
#  A default, MAKEFILES, or -include/sinclude makefile.
#  Implicit rule search has been done.
#  Last modified 2022-07-17 17:53:16
#  File has been updated.
#  Successfully updated.
# variable set hash-table stats:
# Load=0/32=0%, Rehash=0, Collisions=0/0=0%

../../libDaisy/src/ui/../sys/system.h:
#  Implicit rule search has been done.
#  Last modified 2022-06-21 17:36:36
#  File has been updated.
#  Successfully updated.
# variable set hash-table stats:
# Load=0/32=0%, Rehash=0, Collisions=0/0=0%

../../libDaisy/Drivers/STM32H7xx_HAL_Driver/Inc/stm32h7xx_hal_sram.h:
#  Implicit rule search has been done.
#  Last modified 2022-06-21 17:36:36
#  File has been updated.
#  Successfully updated.
# variable set hash-table stats:
# Load=0/32=0%, Rehash=0, Collisions=0/0=0%

../../DaisySP/Source/Dynamics/compressor.h:
#  Implicit rule search has been done.
#  Last modified 2022-06-21 17:36:36
#  File has been updated.
#  Successfully updated.
# variable set hash-table stats:
# Load=0/32=0%, Rehash=0, Collisions=0/0=0%

../../libDaisy/src/per/sai.h:
#  Implicit rule search has been done.
#  Last modified 2022-06-21 17:36:36
#  File has been updated.
#  Successfully updated.
# variable set hash-table stats:
# Load=0/32=0%, Rehash=0, Collisions=0/0=0%

../../libDaisy/Drivers/STM32H7xx_HAL_Driver/Inc/stm32h7xx_hal_nor.h:
#  Implicit rule search has been done.
#  Last modified 2022-06-21 17:36:36
#  File has been updated.
#  Successfully updated.
# variable set hash-table stats:
# Load=0/32=0%, Rehash=0, Collisions=0/0=0%

../../libDaisy/Drivers/STM32H7xx_HAL_Driver/Inc/stm32h7xx_hal_dac.h:
#  Implicit rule search has been done.
#  Last modified 2022-06-21 17:36:36
#  File has been updated.
#  Successfully updated.
# variable set hash-table stats:
# Load=0/32=0%, Rehash=0, Collisions=0/0=0%

../../libDaisy/src/sys/system.h:
#  Implicit rule search has been done.
#  Last modified 2022-06-21 17:36:36
#  File has been updated.
#  Successfully updated.
# variable set hash-table stats:
# Load=0/32=0%, Rehash=0, Collisions=0/0=0%

../../libDaisy/Drivers/STM32H7xx_HAL_Driver/Inc/stm32h7xx_hal_hash_ex.h:
#  Implicit rule search has been done.
#  Last modified 2022-06-21 17:36:36
#  File has been updated.
#  Successfully updated.
# variable set hash-table stats:
# Load=0/32=0%, Rehash=0, Collisions=0/0=0%

../../DaisySP/Source/Effects/pitchshifter.h:
#  Implicit rule search has been done.
#  Last modified 2022-06-21 17:36:36
#  File has been updated.
#  Successfully updated.
# variable set hash-table stats:
# Load=0/32=0%, Rehash=0, Collisions=0/0=0%

# Not a target:
.SUFFIXES:
#  Implicit rule search has not been done.
#  Modification time never checked.
#  File has not been updated.

../../libDaisy/Drivers/STM32H7xx_HAL_Driver/Inc/stm32h7xx_hal_hash.h:
#  Implicit rule search has been done.
#  Last modified 2022-06-21 17:36:36
#  File has been updated.
#  Successfully updated.
# variable set hash-table stats:
# Load=0/32=0%, Rehash=0, Collisions=0/0=0%

../../libDaisy/Drivers/STM32H7xx_HAL_Driver/Inc/stm32h7xx_hal_cryp_ex.h:
#  Implicit rule search has been done.
#  Last modified 2022-06-21 17:36:36
#  File has been updated.
#  Successfully updated.
# variable set hash-table stats:
# Load=0/32=0%, Rehash=0, Collisions=0/0=0%

../../libDaisy/Drivers/STM32H7xx_HAL_Driver/Inc/stm32h7xx_hal_sai.h:
#  Implicit rule search has been done.
#  Last modified 2022-06-21 17:36:36
#  File has been updated.
#  Successfully updated.
# variable set hash-table stats:
# Load=0/32=0%, Rehash=0, Collisions=0/0=0%

../../libDaisy/src/dev/leddriver.h:
#  Implicit rule search has been done.
#  Last modified 2022-06-21 17:36:36
#  File has been updated.
#  Successfully updated.
# variable set hash-table stats:
# Load=0/32=0%, Rehash=0, Collisions=0/0=0%

# Not a target:
Makefile:
#  Implicit rule search has been done.
#  Last modified 2022-07-17 17:26:08
#  File has been updated.
#  Successfully updated.
# variable set hash-table stats:
# Load=0/32=0%, Rehash=0, Collisions=0/0=0%

../../libDaisy/Drivers/STM32H7xx_HAL_Driver/Inc/stm32h7xx_hal_adc.h:
#  Implicit rule search has been done.
#  Last modified 2022-06-21 17:36:36
#  File has been updated.
#  Successfully updated.
# variable set hash-table stats:
# Load=0/32=0%, Rehash=0, Collisions=0/0=0%

../../libDaisy/Drivers/STM32H7xx_HAL_Driver/Inc/stm32h7xx_hal_tim.h:
#  Implicit rule search has been done.
#  Last modified 2022-06-21 17:36:36
#  File has been updated.
#  Successfully updated.
# variable set hash-table stats:
# Load=0/32=0%, Rehash=0, Collisions=0/0=0%

../../libDaisy/Drivers/STM32H7xx_HAL_Driver/Inc/stm32h7xx_hal_usart_ex.h:
#  Implicit rule search has been done.
#  Last modified 2022-06-21 17:36:36
#  File has been updated.
#  Successfully updated.
# variable set hash-table stats:
# Load=0/32=0%, Rehash=0, Collisions=0/0=0%

../../libDaisy/Drivers/CMSIS/Device/ST/STM32H7xx/Include/system_stm32h7xx.h:
#  Implicit rule search has been done.
#  Last modified 2022-06-21 17:36:36
#  File has been updated.
#  Successfully updated.
# variable set hash-table stats:
# Load=0/32=0%, Rehash=0, Collisions=0/0=0%

../../DaisySP/Source/Filters/tone.h:
#  Implicit rule search has been done.
#  Last modified 2022-06-21 17:36:36
#  File has been updated.
#  Successfully updated.
# variable set hash-table stats:
# Load=0/32=0%, Rehash=0, Collisions=0/0=0%

../../libDaisy/src/util/color.h:
#  Implicit rule search has been done.
#  Last modified 2022-06-21 17:36:36
#  File has been updated.
#  Successfully updated.
# variable set hash-table stats:
# Load=0/32=0%, Rehash=0, Collisions=0/0=0%

debug:
#  Implicit rule search has not been done.
#  Modification time never checked.
#  File has not been updated.
#  commands to execute (from `../../libDaisy/core/Makefile', line 266):
	@if ! nc -z localhost 3333; then \
	echo "\n\t[Error] OpenOCD is not running! Start it with: 'make openocd'\n"; exit 1; \
	else \
	$(GDB)  -ex "target extended localhost:3333" \
	-ex "monitor arm semihosting enable" \
	-ex "monitor reset halt" \
	-ex "load" \
	-ex "monitor reset init" \
	$(GDBFLAGS) build/$(TARGET).elf; \
	fi
	

../../libDaisy/Drivers/STM32H7xx_HAL_Driver/Inc/stm32h7xx_hal_ltdc_ex.h:
#  Implicit rule search has been done.
#  Last modified 2022-06-21 17:36:36
#  File has been updated.
#  Successfully updated.
# variable set hash-table stats:
# Load=0/32=0%, Rehash=0, Collisions=0/0=0%

../../libDaisy/src/hid/gatein.h:
#  Implicit rule search has been done.
#  Last modified 2022-06-21 17:36:36
#  File has been updated.
#  Successfully updated.
# variable set hash-table stats:
# Load=0/32=0%, Rehash=0, Collisions=0/0=0%

../../DaisySP/Source/Noise/whitenoise.h:
#  Implicit rule search has been done.
#  Last modified 2022-06-21 17:36:36
#  File has been updated.
#  Successfully updated.
# variable set hash-table stats:
# Load=0/32=0%, Rehash=0, Collisions=0/0=0%

../../libDaisy/src/dev/codec_pcm3060.h:
#  Implicit rule search has been done.
#  Last modified 2022-06-21 17:36:36
#  File has been updated.
#  Successfully updated.
# variable set hash-table stats:
# Load=0/32=0%, Rehash=0, Collisions=0/0=0%

../../libDaisy/Drivers/STM32H7xx_HAL_Driver/Inc/stm32h7xx_hal_fdcan.h:
#  Implicit rule search has been done.
#  Last modified 2022-06-21 17:36:36
#  File has been updated.
#  Successfully updated.
# variable set hash-table stats:
# Load=0/32=0%, Rehash=0, Collisions=0/0=0%

../../libDaisy/Drivers/STM32H7xx_HAL_Driver/Inc/stm32h7xx_hal_i2s.h:
 
#  Implicit rule search has been done.
#  Last modified 2022-06-21 17:36:36
#  File has been updated.
#  Successfully updated.
# variable set hash-table stats:
# Load=0/32=0%, Rehash=0, Collisions=0/0=0%

../../libDaisy/Drivers/STM32H7xx_HAL_Driver/Inc/stm32h7xx_hal_pcd.h:
#  Implicit rule search has been done.
#  Last modified 2022-06-21 17:36:36
#  File has been updated.
#  Successfully updated.
# variable set hash-table stats:
# Load=0/32=0%, Rehash=0, Collisions=0/0=0%

../../libDaisy/Drivers/STM32H7xx_HAL_Driver/Inc/stm32h7xx_hal_i2c_ex.h:
#  Implicit rule search has been done.
#  Last modified 2022-06-21 17:36:36
#  File has been updated.
#  Successfully updated.
# variable set hash-table stats:
# Load=0/32=0%, Rehash=0, Collisions=0/0=0%

../../libDaisy/Drivers/STM32H7xx_HAL_Driver/Inc/stm32h7xx_ll_adc.h:
#  Implicit rule search has been done.
#  Last modified 2022-06-21 17:36:36
#  File has been updated.
 
#  Successfully updated.
# variable set hash-table stats:
# Load=0/32=0%, Rehash=0, Collisions=0/0=0%

program-app:
#  Implicit rule search has not been done.
#  Modification time never checked.
#  File has not been updated.
#  commands to execute (from `../../libDaisy/core/Makefile', line 292):
	dfu-util -a 0 -s $(QSPI_ADDRESS):leave -D $(BUILD_DIR)/$(TARGET_BIN) -d ,0483:df11
	

../../libDaisy/src/hid/disp/oled_display.h:
#  Implicit rule search has been done.
#  Last modified 2022-06-21 17:36:36
#  File has been updated.
#  Successfully updated.
# variable set hash-table stats:
# Load=0/32=0%, Rehash=0, Collisions=0/0=0%

build:
#  Implicit rule search has not been done.
#  Last modified 2022-07-17 17:53:17
#  File has been updated.
#  Successfully updated.
#  commands to execute (from `../../libDaisy/core/Makefile', line 250):
	mkdir $@
	

../../libDaisy/Drivers/STM32H7xx_HAL_Driver/Inc/stm32h7xx_hal_eth.h:
#  Implicit rule search has been done.
#  Last modified 2022-06-21 17:36:36
#  File has been updated.
#  Successfully updated.
# variable set hash-table stats:
# Load=0/32=0%, Rehash=0, Collisions=0/0=0%

../../libDaisy/src/util/WavWriter.h:
#  Implicit rule search has been done.
#  Last modified 2022-06-21 17:36:36
#  File has been updated.
#  Successfully updated.
# variable set hash-table stats:
# Load=0/32=0%, Rehash=0, Collisions=0/0=0%

../../libDaisy/Drivers/STM32H7xx_HAL_Driver/Inc/stm32h7xx_hal_pwr.h:
#  Implicit rule search has been done.
#  Last modified 2022-06-21 17:36:36
#  File has been updated.
#  Successfully updated.
# variable set hash-table stats:
# Load=0/32=0%, Rehash=0, Collisions=0/0=0%

../../libDaisy/src/ui/UiEventQueue.h:
#  Implicit rule search has been done.
#  Last modified 2022-06-21 17:36:36
#  File has been updated.
#  Successfully updated.
# variable set hash-table stats:
# Load=0/32=0%, Rehash=0, Collisions=0/0=0%

../../libDaisy/src/util/FixedCapStr.h:
#  Implicit rule search has been done.
#  Last modified 2022-06-21 17:36:36
#  File has been updated.
#  Successfully updated.
# variable set hash-table stats:
# Load=0/32=0%, Rehash=0, Collisions=0/0=0%

../../libDaisy/Drivers/STM32H7xx_HAL_Driver/Inc/stm32h7xx_hal_ramecc.h:
#  Implicit rule search has been done.
#  Last modified 2022-06-21 17:36:36
#  File has been updated.
#  Successfully updated.
# variable set hash-table stats:
# Load=0/32=0%, Rehash=0, Collisions=0/0=0%

../../libDaisy/Drivers/STM32H7xx_HAL_Driver/Inc/stm32h7xx_hal_mdios.h:
#  Implicit rule search has been done.
#  Last modified 2022-06-21 17:36:36
#  File has been updated.
#  Successfully updated.
# variable set hash-table stats:
# Load=0/32=0%, Rehash=0, Collisions=0/0=0%

../../libDaisy/src/util/MappedValue.h:
#  Implicit rule search has been done.
#  Last modified 2022-06-21 17:36:36
#  File has been updated.
#  Successfully updated.
# variable set hash-table stats:
# Load=0/32=0%, Rehash=0, Collisions=0/0=0%

../../libDaisy/src/hid/rgb_led.h:
#  Implicit rule search has been done.
#  Last modified 2022-06-21 17:36:36
#  File has been updated.
#  Successfully updated.
# variable set hash-table stats:
# Load=0/32=0%, Rehash=0, Collisions=0/0=0%

../../libDaisy/Drivers/STM32H7xx_HAL_Driver/Inc/stm32h7xx_hal_uart_ex.h:
#  Implicit rule search has been done.
#  Last modified 2022-06-21 17:36:36
#  File has been updated.
#  Successfully updated.
# variable set hash-table stats:
# Load=0/32=0%, Rehash=0, Collisions=0/0=0%

../../libDaisy/src/dev/oled_ssd130x.h:
#  Implicit rule search has been done.
#  Last modified 2022-06-21 17:36:36
#  File has been updated.
#  Successfully updated.
# variable set hash-table stats:
# Load=0/32=0%, Rehash=0, Collisions=0/0=0%

../../libDaisy/Drivers/STM32H7xx_HAL_Driver/Inc/stm32h7xx_hal_opamp_ex.h:
#  Implicit rule search has been done.
#  Last modified 2022-06-21 17:36:36
#  File has been updated.
#  Successfully updated.
# variable set hash-table stats:
# Load=0/32=0%, Rehash=0, Collisions=0/0=0%

../../DaisySP/Source/daisysp.h:
#  Implicit rule search has been done.
#  Last modified 2022-06-21 17:36:36
#  File has been updated.
#  Successfully updated.
# variable set hash-table stats:
# Load=0/32=0%, Rehash=0, Collisions=0/0=0%

../../libDaisy/Drivers/STM32H7xx_HAL_Driver/Inc/stm32h7xx_hal_smartcard_ex.h:
#  Implicit rule search has been done.
#  Last modified 2022-06-21 17:36:36
#  File has been updated.
#  Successfully updated.
# variable set hash-table stats:
# Load=0/32=0%, Rehash=0, Collisions=0/0=0%

../../DaisySP/Source/PhysicalModeling/resonator.h:
#  Implicit rule search has been done.
#  Last modified 2022-06-21 17:36:36
#  File has been updated.
#  Successfully updated.
# variable set hash-table stats:
# Load=0/32=0%, Rehash=0, Collisions=0/0=0%

../../DaisySP/Source/Utility/port.h:
#  Implicit rule search has been done.
#  Last modified 2022-06-21 17:36:36
#  File has been updated.
#  Successfully updated.
# variable set hash-table stats:
# Load=0/32=0%, Rehash=0, Collisions=0/0=0%

../../libDaisy/src/hid/usb_midi.h:
#  Implicit rule search has been done.
#  Last modified 2022-06-21 17:36:36
#  File has been updated.
#  Successfully updated.
# variable set hash-table stats:
# Load=0/32=0%, Rehash=0, Collisions=0/0=0%

../../libDaisy/src/util/VoctCalibration.h:
#  Implicit rule search has been done.
#  Last modified 2022-06-21 17:36:36
#  File has been updated.
#  Successfully updated.
# variable set hash-table stats:
# Load=0/32=0%, Rehash=0, Collisions=0/0=0%

../../libDaisy/src/hid/usb.h:
#  Implicit rule search has been done.
#  Last modified 2022-06-21 17:36:36
#  File has been updated.
#  Successfully updated.
# variable set hash-table stats:
# Load=0/32=0%, Rehash=0, Collisions=0/0=0%

../../DaisySP/Source/Effects/reverbsc.h:
#  Implicit rule search has been done.
#  Last modified 2022-06-21 17:36:36
#  File has been updated.
#  Successfully updated.
# variable set hash-table stats:
# Load=0/32=0%, Rehash=0, Collisions=0/0=0%

../../libDaisy/Drivers/STM32H7xx_HAL_Driver/Inc/stm32h7xx_hal_cec.h:
#  Implicit rule search has been done.
#  Last modified 2022-06-21 17:36:36
#  File has been updated.
#  Successfully updated.
# variable set hash-table stats:
# Load=0/32=0%, Rehash=0, Collisions=0/0=0%

../../libDaisy/src/daisy_patch.h:
#  Implicit rule search has been done.
#  Last modified 2022-06-21 17:36:36
#  File has been updated.
#  Successfully updated.
# variable set hash-table stats:
# Load=0/32=0%, Rehash=0, Collisions=0/0=0%

../../libDaisy/src/dev/sr_595.h:
#  Implicit rule search has been done.
#  Last modified 2022-06-21 17:36:36
#  File has been updated.
#  Successfully updated.
# variable set hash-table stats:
# Load=0/32=0%, Rehash=0, Collisions=0/0=0%

../../DaisySP/Source/Utility/smooth_random.h:
#  Implicit rule search has been done.
#  Last modified 2022-06-21 17:36:36
#  File has been updated.
#  Successfully updated.
# variable set hash-table stats:
# Load=0/32=0%, Rehash=0, Collisions=0/0=0%

../../DaisySP/Source/Synthesis/harmonic_osc.h:
#  Implicit rule search has been done.
#  Last modified 2022-06-21 17:36:36
#  File has been updated.
#  Successfully updated.
# variable set hash-table stats:
# Load=0/32=0%, Rehash=0, Collisions=0/0=0%

../../DaisySP/Source/Noise/grainlet.h:
#  Implicit rule search has been done.
#  Last modified 2022-06-21 17:36:36
#  File has been updated.
#  Successfully updated.
# variable set hash-table stats:
# Load=0/32=0%, Rehash=0, Collisions=0/0=0%

# Not a target:
build/blank.d:
#  A default, MAKEFILES, or -include/sinclude makefile.
#  Implicit rule search has been done.
#  Last modified 2022-07-17 17:53:17
#  File has been updated.
#  Successfully updated.
# variable set hash-table stats:
# Load=0/32=0%, Rehash=0, Collisions=0/0=0%

../../libDaisy/src/hid/parameter.h:
#  Implicit rule search has been done.
#  Last modified 2022-06-21 17:36:36
#  File has been updated.
#  Successfully updated.
# variable set hash-table stats:
# Load=0/32=0%, Rehash=0, Collisions=0/0=0%

../../libDaisy/Drivers/STM32H7xx_HAL_Driver/Inc/stm32h7xx_hal_dac_ex.h:
#  Implicit rule search has been done.
#  Last modified 2022-06-21 17:36:36
#  File has been updated.
#  Successfully updated.
 
# variable set hash-table stats:
# Load=0/32=0%, Rehash=0, Collisions=0/0=0%

../../DaisySP/Source/Utility/metro.h:
#  Implicit rule search has been done.
#  Last modified 2022-06-21 17:36:36
#  File has been updated.
#  Successfully updated.
# variable set hash-table stats:
# Load=0/32=0%, Rehash=0, Collisions=0/0=0%

../../DaisySP/Source/Filters/fir.h:
#  Implicit rule search has been done.
#  Last modified 2022-06-21 17:36:36
#  File has been updated.
#  Successfully updated.
# variable set hash-table stats:
# Load=0/32=0%, Rehash=0, Collisions=0/0=0%

../../libDaisy/Drivers/STM32H7xx_HAL_Driver/Inc/Legacy/stm32_hal_legacy.h:
#  Implicit rule search has been done.
#  Last modified 2022-06-21 17:36:36
#  File has been updated.
#  Successfully updated.
# variable set hash-table stats:
# Load=0/32=0%, Rehash=0, Collisions=0/0=0%

../../DaisySP/Source/Effects/autowah.h:
#  Implicit rule search has been done.
#  Last modified 2022-06-21 17:36:36
#  File has been updated.
#  Successfully updated.
# variable set hash-table stats:
# Load=0/32=0%, Rehash=0, Collisions=0/0=0%

../../libDaisy/Drivers/CMSIS/Include/core_cm7.h:
#  Implicit rule search has been done.
#  Last modified 2022-06-21 17:36:36
#  File has been updated.
#  Successfully updated.
# variable set hash-table stats:
# Load=0/32=0%, Rehash=0, Collisions=0/0=0%

../../DaisySP/Source/Effects/decimator.h:
#  Implicit rule search has been done.
#  Last modified 2022-06-21 17:36:36
#  File has been updated.
#  Successfully updated.
# variable set hash-table stats:
# Load=0/32=0%, Rehash=0, Collisions=0/0=0%

../../libDaisy/Drivers/STM32H7xx_HAL_Driver/Inc/stm32h7xx_hal_sai_ex.h:
#  Implicit rule search has been done.
#  Last modified 2022-06-21 17:36:36
#  File has been updated.
#  Successfully updated.
# variable set hash-table stats:
# Load=0/32=0%, Rehash=0, Collisions=0/0=0%

../../libDaisy/src/per/spiMultislave.h:
#  Implicit rule search has been done.
#  Last modified 2022-06-21 17:36:36
#  File has been updated.
#  Successfully updated.
# variable set hash-table stats:
# Load=0/32=0%, Rehash=0, Collisions=0/0=0%

../../libDaisy/src/util/unique_id.h:
#  Implicit rule search has been done.
#  Last modified 2022-06-21 17:36:36
#  File has been updated.
#  Successfully updated.
# variable set hash-table stats:
# Load=0/32=0%, Rehash=0, Collisions=0/0=0%

../../DaisySP/Source/Utility/jitter.h:
#  Implicit rule search has been done.
#  Last modified 2022-06-21 17:36:36
#  File has been updated.
#  Successfully updated.
# variable set hash-table stats:
# Load=0/32=0%, Rehash=0, Collisions=0/0=0%

../../libDaisy/src/ui/FullScreenItemMenu.h:
#  Implicit rule search has been done.
#  Last modified 2022-06-21 17:36:36
#  File has been updated.
#  Successfully updated.
# variable set hash-table stats:
# Load=0/32=0%, Rehash=0, Collisions=0/0=0%

../../libDaisy/Drivers/STM32H7xx_HAL_Driver/Inc/stm32h7xx_hal_dma.h:
#  Implicit rule search has been done.
#  Last modified 2022-06-21 17:36:36
#  File has been updated.
#  Successfully updated.
# variable set hash-table stats:
# Load=0/32=0%, Rehash=0, Collisions=0/0=0%

build/startup_stm32h750xx.o: ../../libDaisy/core/startup_stm32h750xx.c Makefile ../../libDaisy/core/startup_stm32h750xx.c ../../libDaisy/Drivers/CMSIS/Device/ST/STM32H7xx/Include/stm32h7xx.h ../../libDaisy/Drivers/CMSIS/Device/ST/STM32H7xx/Include/stm32h750xx.h ../../libDaisy/Drivers/CMSIS/Include/core_cm7.h ../../libDaisy/Drivers/CMSIS/Include/cmsis_compiler.h ../../libDaisy/Drivers/CMSIS/Include/cmsis_gcc.h ../../libDaisy/Drivers/CMSIS/Device/ST/STM32H7xx/Include/system_stm32h7xx.h ../../libDaisy/Drivers/STM32H7xx_HAL_Driver/Inc/stm32h7xx_hal.h ../../libDaisy/src/sys/stm32h7xx_hal_conf.h ../../libDaisy/Drivers/STM32H7xx_HAL_Driver/Inc/stm32h7xx_hal_rcc.h ../../libDaisy/Drivers/STM32H7xx_HAL_Driver/Inc/stm32h7xx_hal_def.h ../../libDaisy/Drivers/STM32H7xx_HAL_Driver/Inc/Legacy/stm32_hal_legacy.h ../../libDaisy/Drivers/STM32H7xx_HAL_Driver/Inc/stm32h7xx_hal_rcc_ex.h ../../libDaisy/Drivers/STM32H7xx_HAL_Driver/Inc/stm32h7xx_hal_gpio.h ../../libDaisy/Drivers/STM32H7xx_HAL_Driver/Inc/stm32h7xx_hal_gpio_ex.h ../../libDaisy/Drivers/STM32H7xx_HAL_Driver/Inc/stm32h7xx_hal_dma.h ../../libDaisy/Drivers/STM32H7xx_HAL_Driver/Inc/stm32h7xx_hal_dma_ex.h ../../libDaisy/Drivers/STM32H7xx_HAL_Driver/Inc/stm32h7xx_hal_mdma.h ../../libDaisy/Drivers/STM32H7xx_HAL_Driver/Inc/stm32h7xx_hal_hash.h ../../libDaisy/Drivers/STM32H7xx_HAL_Driver/Inc/stm32h7xx_hal_hash_ex.h ../../libDaisy/Drivers/STM32H7xx_HAL_Driver/Inc/stm32h7xx_hal_dcmi.h ../../libDaisy/Drivers/STM32H7xx_HAL_Driver/Inc/stm32h7xx_hal_dma2d.h ../../libDaisy/Drivers/STM32H7xx_HAL_Driver/Inc/stm32h7xx_hal_dsi.h ../../libDaisy/Drivers/STM32H7xx_HAL_Driver/Inc/stm32h7xx_hal_dfsdm.h ../../libDaisy/Drivers/STM32H7xx_HAL_Driver/Inc/stm32h7xx_hal_eth.h ../../libDaisy/Drivers/STM32H7xx_HAL_Driver/Inc/stm32h7xx_hal_eth_ex.h ../../libDaisy/Drivers/STM32H7xx_HAL_Driver/Inc/stm32h7xx_hal_exti.h ../../libDaisy/Drivers/STM32H7xx_HAL_Driver/Inc/stm32h7xx_hal_cortex.h ../../libDaisy/Drivers/STM32H7xx_HAL_Driver/Inc/stm32h7xx_hal_adc.h ../../libDaisy/Drivers/STM32H7xx_HAL_Driver/Inc/stm32h7xx_ll_adc.h ../../libDaisy/Drivers/STM32H7xx_HAL_Driver/Inc/stm32h7xx_hal_adc_ex.h ../../libDaisy/Drivers/STM32H7xx_HAL_Driver/Inc/stm32h7xx_hal_fdcan.h ../../libDaisy/Drivers/STM32H7xx_HAL_Driver/Inc/stm32h7xx_hal_cec.h ../../libDaisy/Drivers/STM32H7xx_HAL_Driver/Inc/stm32h7xx_hal_comp.h ../../libDaisy/Drivers/STM32H7xx_HAL_Driver/Inc/stm32h7xx_hal_crc.h ../../libDaisy/Drivers/STM32H7xx_HAL_Driver/Inc/stm32h7xx_hal_crc_ex.h ../../libDaisy/Drivers/STM32H7xx_HAL_Driver/Inc/stm32h7xx_hal_cryp.h ../../libDaisy/Drivers/STM32H7xx_HAL_Driver/Inc/stm32h7xx_hal_cryp_ex.h ../../libDaisy/Drivers/STM32H7xx_HAL_Driver/Inc/stm32h7xx_hal_dac.h ../../libDaisy/Drivers/STM32H7xx_HAL_Driver/Inc/stm32h7xx_hal_dac_ex.h ../../libDaisy/Drivers/STM32H7xx_HAL_Driver/Inc/stm32h7xx_hal_flash.h ../../libDaisy/Drivers/STM32H7xx_HAL_Driver/Inc/stm32h7xx_hal_flash_ex.h ../../libDaisy/Drivers/STM32H7xx_HAL_Driver/Inc/stm32h7xx_hal_hrtim.h ../../libDaisy/Drivers/STM32H7xx_HAL_Driver/Inc/stm32h7xx_hal_hsem.h ../../libDaisy/Drivers/STM32H7xx_HAL_Driver/Inc/stm32h7xx_hal_sram.h ../../libDaisy/Drivers/STM32H7xx_HAL_Driver/Inc/stm32h7xx_ll_fmc.h ../../libDaisy/Drivers/STM32H7xx_HAL_Driver/Inc/stm32h7xx_hal_nor.h ../../libDaisy/Drivers/STM32H7xx_HAL_Driver/Inc/stm32h7xx_hal_nand.h ../../libDaisy/Drivers/STM32H7xx_HAL_Driver/Inc/stm32h7xx_hal_i2c.h ../../libDaisy/Drivers/STM32H7xx_HAL_Driver/Inc/stm32h7xx_hal_i2c_ex.h ../../libDaisy/Drivers/STM32H7xx_HAL_Driver/Inc/stm32h7xx_hal_i2s.h ../../libDaisy/Drivers/STM32H7xx_HAL_Driver/Inc/stm32h7xx_hal_iwdg.h ../../libDaisy/Drivers/STM32H7xx_HAL_Driver/Inc/stm32h7xx_hal_jpeg.h ../../libDaisy/Drivers/STM32H7xx_HAL_Driver/Inc/stm32h7xx_hal_mdios.h ../../libDaisy/Drivers/STM32H7xx_HAL_Driver/Inc/stm32h7xx_hal_mmc.h ../../libDaisy/Drivers/STM32H7xx_HAL_Driver/Inc/stm32h7xx_ll_sdmmc.h ../../libDaisy/Drivers/STM32H7xx_HAL_Driver/Inc/stm32h7xx_hal_mmc_ex.h ../../libDaisy/Drivers/STM32H7xx_HAL_Driver/Inc/stm32h7xx_hal_lptim.h ../../libDaisy/Drivers/STM32H7xx_HAL_Driver/Inc/stm32h7xx_hal_ltdc.h ../../libDaisy/Drivers/ 
STM32H7xx_HAL_Driver/Inc/stm32h7xx_hal_ltdc_ex.h ../../libDaisy/Drivers/STM32H7xx_HAL_Driver/Inc/stm32h7xx_hal_opamp.h ../../libDaisy/Drivers/STM32H7xx_HAL_Driver/Inc/stm32h7xx_hal_opamp_ex.h ../../libDaisy/Drivers/STM32H7xx_HAL_Driver/Inc/stm32h7xx_hal_pwr.h ../../libDaisy/Drivers/STM32H7xx_HAL_Driver/Inc/stm32h7xx_hal_pwr_ex.h ../../libDaisy/Drivers/STM32H7xx_HAL_Driver/Inc/stm32h7xx_hal_qspi.h ../../libDaisy/Drivers/STM32H7xx_HAL_Driver/Inc/stm32h7xx_hal_ramecc.h ../../libDaisy/Drivers/STM32H7xx_HAL_Driver/Inc/stm32h7xx_hal_rng.h ../../libDaisy/Drivers/STM32H7xx_HAL_Driver/Inc/stm32h7xx_hal_rtc.h ../../libDaisy/Drivers/STM32H7xx_HAL_Driver/Inc/stm32h7xx_hal_rtc_ex.h ../../libDaisy/Drivers/STM32H7xx_HAL_Driver/Inc/stm32h7xx_hal_sai.h ../../libDaisy/Drivers/STM32H7xx_HAL_Driver/Inc/stm32h7xx_hal_sai_ex.h ../../libDaisy/Drivers/STM32H7xx_HAL_Driver/Inc/stm32h7xx_hal_sd.h ../../libDaisy/Drivers/STM32H7xx_HAL_Driver/Inc/stm32h7xx_ll_delayblock.h ../../libDaisy/Drivers/STM32H7xx_HAL_Driver/Inc/stm32h7xx_hal_sd_ex.h ../../libDaisy/Drivers/STM32H7xx_HAL_Driver/Inc/stm32h7xx_hal_sdram.h ../../libDaisy/Drivers/STM32H7xx_HAL_Driver/Inc/stm32h7xx_hal_spi.h ../../libDaisy/Drivers/STM32H7xx_HAL_Driver/Inc/stm32h7xx_hal_spi_ex.h ../../libDaisy/Drivers/STM32H7xx_HAL_Driver/Inc/stm32h7xx_hal_spdifrx.h ../../libDaisy/Drivers/STM32H7xx_HAL_Driver/Inc/stm32h7xx_hal_swpmi.h ../../libDaisy/Drivers/STM32H7xx_HAL_Driver/Inc/stm32h7xx_hal_tim.h ../../libDaisy/Drivers/STM32H7xx_HAL_Driver/Inc/stm32h7xx_hal_tim_ex.h ../../libDaisy/Drivers/STM32H7xx_HAL_Driver/Inc/stm32h7xx_hal_uart.h ../../libDaisy/Drivers/STM32H7xx_HAL_Driver/Inc/stm32h7xx_hal_uart_ex.h ../../libDaisy/Drivers/STM32H7xx_HAL_Driver/Inc/stm32h7xx_hal_usart.h ../../libDaisy/Drivers/STM32H7xx_HAL_Driver/Inc/stm32h7xx_hal_usart_ex.h ../../libDaisy/Drivers/STM32H7xx_HAL_Driver/Inc/stm32h7xx_hal_irda.h ../../libDaisy/Drivers/STM32H7xx_HAL_Driver/Inc/stm32h7xx_hal_irda_ex.h ../../libDaisy/Drivers/STM32H7xx_HAL_Driver/Inc/stm32h7xx_hal_smartcard.h ../../libDaisy/Drivers/STM32H7xx_HAL_Driver/Inc/stm32h7xx_hal_smartcard_ex.h ../../libDaisy/Drivers/STM32H7xx_HAL_Driver/Inc/stm32h7xx_hal_smbus.h ../../libDaisy/Drivers/STM32H7xx_HAL_Driver/Inc/stm32h7xx_hal_wwdg.h ../../libDaisy/Drivers/STM32H7xx_HAL_Driver/Inc/stm32h7xx_hal_pcd.h ../../libDaisy/Drivers/STM32H7xx_HAL_Driver/Inc/stm32h7xx_ll_usb.h ../../libDaisy/Drivers/STM32H7xx_HAL_Driver/Inc/stm32h7xx_hal_pcd_ex.h ../../libDaisy/Drivers/STM32H7xx_HAL_Driver/Inc/stm32h7xx_hal_hcd.h | build
#  Implicit rule search has been done.
#  Implicit/static pattern stem: `startup_stm32h750xx'
#  Last modified 2022-07-17 17:53:16
#  File has been updated.
#  Successfully updated.
# variable set hash-table stats:
# Load=0/32=0%, Rehash=0, Collisions=0/0=0%
#  commands to execute (from `../../libDaisy/core/Makefile', line 232):
	$(CC) -c $(CFLAGS) $(C_STANDARD) -Wa,-a,-ad,-alms=$(BUILD_DIR)/$(notdir $(<:.c=.lst)) $< -o $@
	

../../libDaisy/Drivers/STM32H7xx_HAL_Driver/Inc/stm32h7xx_hal_adc_ex.h:
#  Implicit rule search has been done.
#  Last modified 2022-06-21 17:36:36
#  File has been updated.
#  Successfully updated.
# variable set hash-table stats:
# Load=0/32=0%, Rehash=0, Collisions=0/0=0%

../../DaisySP/Source/Noise/fractal_noise.h:
#  Implicit rule search has been done.
#  Last modified 2022-06-21 17:36:36
#  File has been updated.
#  Successfully updated.
# variable set hash-table stats:
# Load=0/32=0%, Rehash=0, Collisions=0/0=0%

../../libDaisy/Drivers/STM32H7xx_HAL_Driver/Inc/stm32h7xx_hal_tim_ex.h:
#  Implicit rule search has been done.
#  Last modified 2022-06-21 17:36:36
#  File has been updated.
#  Successfully updated.
# variable set hash-table stats:
# Load=0/32=0%, Rehash=0, Collisions=0/0=0%

../../libDaisy/Drivers/STM32H7xx_HAL_Driver/Inc/stm32h7xx_ll_delayblock.h:
#  Implicit rule search has been done.
#  Last modified 2022-06-21 17:36:36
#  File has been updated.
#  Successfully updated.
# variable set hash-table stats:
# Load=0/32=0%, Rehash=0, Collisions=0/0=0%

../../DaisySP/Source/Effects/bitcrush.h:
#  Implicit rule search has been done.
#  Last modified 2022-06-21 17:36:36
#  File has been updated.
#  Successfully updated.
# variable set hash-table stats:
# Load=0/32=0%, Rehash=0, Collisions=0/0=0%

../../libDaisy/src/per/adc.h:
#  Implicit rule search has been done.
#  Last modified 2022-06-21 17:36:36
#  File has been updated.
#  Successfully updated.
# variable set hash-table stats:
# Load=0/32=0%, Rehash=0, Collisions=0/0=0%

# Not a target:
../../libDaisy/core/Makefile:
#  Implicit rule search has been done.
#  Last modified 2022-06-21 17:36:36
#  File has been updated.
#  Successfully updated.
# variable set hash-table stats:
# Load=0/32=0%, Rehash=0, Collisions=0/0=0%

../../libDaisy/Drivers/STM32H7xx_HAL_Driver/Inc/stm32h7xx_hal_swpmi.h:
#  Implicit rule search has been done.
#  Last modified 2022-06-21 17:36:36
#  File has been updated.
#  Successfully updated.
# variable set hash-table stats:
# Load=0/32=0%, Rehash=0, Collisions=0/0=0%

../../libDaisy/src/hid/audio.h:
#  Implicit rule search has been done.
#  Last modified 2022-06-21 17:36:36
#  File has been updated.
#  Successfully updated.
# variable set hash-table stats:
# Load=0/32=0%, Rehash=0, Collisions=0/0=0%

../../libDaisy/src/hid/led.h:
#  Implicit rule search has been done.
#  Last modified 2022-06-21 17:36:36
#  File has been updated.
#  Successfully updated.
# variable set hash-table stats:
# Load=0/32=0%, Rehash=0, Collisions=0/0=0%

../../libDaisy/src/ui/../util/scopedirqblocker.h:
#  Implicit rule search has been done.
#  Last modified 2022-06-21 17:36:36
#  File has been updated.
#  Successfully updated.
# variable set hash-table stats:
# Load=0/32=0%, Rehash=0, Collisions=0/0=0%

../../libDaisy/src/per/rng.h:
#  Implicit rule search has been done.
#  Last modified 2022-06-21 17:36:36
#  File has been updated.
#  Successfully updated.
# variable set hash-table stats:
# Load=0/32=0%, Rehash=0, Collisions=0/0=0%

../../libDaisy/src/hid/logger_impl.h:
#  Implicit rule search has been done.
#  Last modified 2022-06-21 17:36:36
#  File has been updated.
#  Successfully updated.
# variable set hash-table stats:
# Load=0/32=0%, Rehash=0, Collisions=0/0=0%

../../DaisySP/Source/Filters/nlfilt.h:
#  Implicit rule search has been done.
#  Last modified 2022-06-21 17:36:36
#  File has been updated.
#  Successfully updated.
# variable set hash-table stats:
# Load=0/32=0%, Rehash=0, Collisions=0/0=0%

../../libDaisy/Drivers/STM32H7xx_HAL_Driver/Inc/stm32h7xx_hal_sd_ex.h:
#  Implicit rule search has been done.
#  Last modified 2022-06-21 17:36:36
#  File has been updated.
#  Successfully updated.
# variable set hash-table stats:
# Load=0/32=0%, Rehash=0, Collisions=0/0=0%

../../DaisySP/Source/Control/line.h:
#  Implicit rule search has been done.
#  Last modified 2022-06-21 17:36:36
#  File has been updated.
#  Successfully updated.
# variable set hash-table stats:
# Load=0/32=0%, Rehash=0, Collisions=0/0=0%

../../DaisySP/Source/Control/phasor.h:
#  Implicit rule search has been done.
#  Last modified 2022-06-21 17:36:36
#  File has been updated.
#  Successfully updated.
# variable set hash-table stats:
# Load=0/32=0%, Rehash=0, Collisions=0/0=0%

../../libDaisy/Drivers/STM32H7xx_HAL_Driver/Inc/stm32h7xx_hal_dcmi.h:
#  Implicit rule search has been done.
#  Last modified 2022-06-21 17:36:36
#  File has been updated.
#  Successfully updated.
# variable set hash-table stats:
# Load=0/32=0%, Rehash=0, Collisions=0/0=0%

../../libDaisy/src/per/i2c.h:
#  Implicit rule search has been done.
#  Last modified 2022-06-21 17:36:36
#  File has been updated.
#  Successfully updated.
# variable set hash-table stats:
# Load=0/32=0%, Rehash=0, Collisions=0/0=0%

../../DaisySP/Source/Noise/clockednoise.h:
#  Implicit rule search has been done.
#  Last modified 2022-06-21 17:36:36
#  File has been updated.
#  Successfully updated.
# variable set hash-table stats:
# Load=0/32=0%, Rehash=0, Collisions=0/0=0%

../../libDaisy/Drivers/STM32H7xx_HAL_Driver/Inc/stm32h7xx_hal_pwr_ex.h:
#  Implicit rule search has been done.
#  Last modified 2022-06-21 17:36:36
#  File has been updated.
 
#  Successfully updated.
# variable set hash-table stats:
# Load=0/32=0%, Rehash=0, Collisions=0/0=0%

../../DaisySP/Source/Synthesis/zoscillator.h:
#  Implicit rule search has been done.
#  Last modified 2022-06-21 17:36:36
#  File has been updated.
#  Successfully updated.
# variable set hash-table stats:
# Load=0/32=0%, Rehash=0, Collisions=0/0=0%

# Not a target:
.DEFAULT:
#  Implicit rule search has not been done.
#  Modification time never checked.
#  File has not been updated.

../../DaisySP/Source/Drums/synthbassdrum.h:
#  Implicit rule search has been done.
#  Last modified 2022-06-21 17:36:36
#  File has been updated.
#  Successfully updated.
# variable set hash-table stats:
# Load=0/32=0%, Rehash=0, Collisions=0/0=0%

../../DaisySP/Source/Synthesis/oscillatorbank.h:
#  Implicit rule search has been done.
#  Last modified 2022-06-21 17:36:36
#  File has been updated.
#  Successfully updated.
# variable set hash-table stats:
# Load=0/32=0%, Rehash=0, Collisions=0/0=0%

../../DaisySP/Source/Synthesis/formantosc.h:
#  Implicit rule search has been done.
#  Last modified 2022-06-21 17:36:36
#  File has been updated.
#  Successfully updated.
# variable set hash-table stats:
# Load=0/32=0%, Rehash=0, Collisions=0/0=0%

../../libDaisy/Drivers/STM32H7xx_HAL_Driver/Inc/stm32h7xx_hal_flash.h:
#  Implicit rule search has been done.
#  Last modified 2022-06-21 17:36:36
#  File has been updated.
#  Successfully updated.
# variable set hash-table stats:
# Load=0/32=0%, Rehash=0, Collisions=0/0=0%

../../libDaisy/src/version.h:
#  Implicit rule search has been done.
#  Last modified 2022-06-21 17:36:36
#  File has been updated.
#  Successfully updated.
# variable set hash-table stats:
# Load=0/32=0%, Rehash=0, Collisions=0/0=0%

../../libDaisy/Drivers/STM32H7xx_HAL_Driver/Inc/stm32h7xx_hal_opamp.h:
#  Implicit rule search has been done.
#  Last modified 2022-06-21 17:36:36
#  File has been updated.
#  Successfully updated.
# variable set hash-table stats:
# Load=0/32=0%, Rehash=0, Collisions=0/0=0%

../../DaisySP/Source/Effects/overdrive.h:
#  Implicit rule search has been done.
#  Last modified 2022-06-21 17:36:36
#  File has been updated.
#  Successfully updated.
# variable set hash-table stats:
# Load=0/32=0%, Rehash=0, Collisions=0/0=0%

../../libDaisy/src/per/spi.h:
#  Implicit rule search has been done.
#  Last modified 2022-06-21 17:36:36
#  File has been updated.
#  Successfully updated.
# variable set hash-table stats:
# Load=0/32=0%, Rehash=0, Collisions=0/0=0%

../../libDaisy/src/hid/disp/display.h:
#  Implicit rule search has been done.
#  Last modified 2022-06-21 17:36:36
#  File has been updated.
#  Successfully updated.
# variable set hash-table stats:
# Load=0/32=0%, Rehash=0, Collisions=0/0=0%

../../libDaisy/Drivers/STM32H7xx_HAL_Driver/Inc/stm32h7xx_hal_cortex.h:
#  Implicit rule search has been done.
#  Last modified 2022-06-21 17:36:36
#  File has been updated.
#  Successfully updated.
# variable set hash-table stats:
# Load=0/32=0%, Rehash=0, Collisions=0/0=0%

../../libDaisy/Drivers/STM32H7xx_HAL_Driver/Inc/stm32h7xx_ll_fmc.h:
#  Implicit rule search has been done.
#  Last modified 2022-06-21 17:36:36
#  File has been updated.
#  Successfully updated.
# variable set hash-table stats:
# Load=0/32=0%, Rehash=0, Collisions=0/0=0%

../../libDaisy/src/dev/max11300.h:
#  Implicit rule search has been done.
#  Last modified 2022-06-21 17:36:36
#  File has been updated.
#  Successfully updated.
# variable set hash-table stats:
# Load=0/32=0%, Rehash=0, Collisions=0/0=0%

../../libDaisy/Drivers/STM32H7xx_HAL_Driver/Inc/stm32h7xx_hal_hcd.h:
#  Implicit rule search has been done.
#  Last modified 2022-06-21 17:36:36
#  File has been updated.
#  Successfully updated.
# variable set hash-table stats:
# Load=0/32=0%, Rehash=0, Collisions=0/0=0%

../../libDaisy/Drivers/STM32H7xx_HAL_Driver/Inc/stm32h7xx_hal_comp.h:
#  Implicit rule search has been done.
#  Last modified 2022-06-21 17:36:36
#  File has been updated.
#  Successfully updated.
# variable set hash-table stats:
# Load=0/32=0%, Rehash=0, Collisions=0/0=0%

../../DaisySP/Source/Utility/dsp.h:
#  Implicit rule search has been done.
#  Last modified 2022-06-21 17:36:36
#  File has been updated.
#  Successfully updated.
# variable set hash-table stats:
# Load=0/32=0%, Rehash=0, Collisions=0/0=0%

../../libDaisy/Drivers/STM32H7xx_HAL_Driver/Inc/stm32h7xx_hal_dsi.h:
#  Implicit rule search has been done.
#  Last modified 2022-06-21 17:36:36
#  File has been updated.
#  Successfully updated.
# variable set hash-table stats:
# Load=0/32=0%, Rehash=0, Collisions=0/0=0%

../../libDaisy/Drivers/STM32H7xx_HAL_Driver/Inc/stm32h7xx_hal_mmc.h:
#  Implicit rule search has been done.
#  Last modified 2022-06-21 17:36:36
#  File has been updated.
#  Successfully updated.
# variable set hash-table stats:
# Load=0/32=0%, Rehash=0, Collisions=0/0=0%

../../libDaisy/Drivers/STM32H7xx_HAL_Driver/Inc/stm32h7xx_hal_spi.h:
#  Implicit rule search has been done.
#  Last modified 2022-06-21 17:36:36
#  File has been updated.
#  Successfully updated.
# variable set hash-table stats:
# Load=0/32=0%, Rehash=0, Collisions=0/0=0%

../../libDaisy/Drivers/STM32H7xx_HAL_Driver/Inc/stm32h7xx_hal_lptim.h:
#  Implicit rule search has been done.
#  Last modified 2022-06-21 17:36:36
#  File has been updated.
#  Successfully updated.
# variable set hash-table stats:
# Load=0/32=0%, Rehash=0, Collisions=0/0=0%

../../libDaisy/Drivers/STM32H7xx_HAL_Driver/Inc/stm32h7xx_hal_dma2d.h:
#  Implicit rule search has been done.
#  Last modified 2022-06-21 17:36:36
#  File has been updated.
#  Successfully updated.
# variable set hash-table stats:
# Load=0/32=0%, Rehash=0, Collisions=0/0=0%

../../libDaisy/Middlewares/Third_Party/FatFs/src/integer.h:
#  Implicit rule search has been done.
#  Last modified 2022-06-21 17:36:36
#  File has been updated.
#  Successfully updated.
# variable set hash-table stats:
# Load=0/32=0%, Rehash=0, Collisions=0/0=0%

clean:
#  Implicit rule search has not been done.
#  Modification time never checked.
#  File has not been updated.
#  commands to execute (from `../../libDaisy/core/Makefile', line 256):
	-rm -fR $(BUILD_DIR)
	

../../DaisySP/Source/Drums/analogsnaredrum.h:
#  Implicit rule search has been done.
#  Last modified 2022-06-21 17:36:36
#  File has been updated.
#  Successfully updated.
# variable set hash-table stats:
# Load=0/32=0%, Rehash=0, Collisions=0/0=0%

../../libDaisy/Drivers/STM32H7xx_HAL_Driver/Inc/stm32h7xx_hal_flash_ex.h:
#  Implicit rule search has been done.
#  Last modified 2022-06-21 17:36:36
#  File has been updated.
#  Successfully updated.
# variable set hash-table stats:
# Load=0/32=0%, Rehash=0, Collisions=0/0=0%

../../libDaisy/Drivers/CMSIS/Device/ST/STM32H7xx/Include/stm32h7xx.h:
#  Implicit rule search has been done.
#  Last modified 2022-06-21 17:36:36
#  File has been updated.
#  Successfully updated.
# variable set hash-table stats:
# Load=0/32=0%, Rehash=0, Collisions=0/0=0%

../../DaisySP/Source/Effects/flanger.h:
#  Implicit rule search has been done.
#  Last modified 2022-06-21 17:36:36
#  File has been updated.
#  Successfully updated.
# variable set hash-table stats:
# Load=0/32=0%, Rehash=0, Collisions=0/0=0%

../../libDaisy/src/daisy_core.h:
#  Implicit rule search has been done.
#  Last modified 2022-06-21 17:36:36
#  File has been updated.
#  Successfully updated.
# variable set hash-table stats:
# Load=0/32=0%, Rehash=0, Collisions=0/0=0%

../../libDaisy/Drivers/STM32H7xx_HAL_Driver/Inc/stm32h7xx_hal_irda.h:
#  Implicit rule search has been done.
#  Last modified 2022-06-21 17:36:36
#  File has been updated.
#  Successfully updated.
# variable set hash-table stats:
# Load=0/32=0%, Rehash=0, Collisions=0/0=0%

../../libDaisy/Drivers/CMSIS/Device/ST/STM32H7xx/Include/stm32h750xx.h:
#  Implicit rule search has been done.
#  Last modified 2022-06-21 17:36:36
#  File has been updated.
#  Successfully updated.
# variable set hash-table stats:
# Load=0/32=0%, Rehash=0, Collisions=0/0=0%

../../libDaisy/src/sys/fatfs.h:
#  Implicit rule search has been done.
#  Last modified 2022-06-21 17:36:36
#  File has been updated.
#  Successfully updated.
 
# variable set hash-table stats:
# Load=0/32=0%, Rehash=0, Collisions=0/0=0%

../../libDaisy/Drivers/STM32H7xx_HAL_Driver/Inc/stm32h7xx_hal_dma_ex.h:
#  Implicit rule search has been done.
#  Last modified 2022-06-21 17:36:36
#  File has been updated.
#  Successfully updated.
# variable set hash-table stats:
# Load=0/32=0%, Rehash=0, Collisions=0/0=0%

../../DaisySP/Source/Drums/hihat.h:
#  Implicit rule search has been done.
#  Last modified 2022-06-21 17:36:36
#  File has been updated.
#  Successfully updated.
# variable set hash-table stats:
# Load=0/32=0%, Rehash=0, Collisions=0/0=0%

../../libDaisy/Drivers/STM32H7xx_HAL_Driver/Inc/stm32h7xx_hal_def.h:
#  Implicit rule search has been done.
#  Last modified 2022-06-21 17:36:36
#  File has been updated.
#  Successfully updated.
# variable set hash-table stats:
# Load=0/32=0%, Rehash=0, Collisions=0/0=0%

../../libDaisy/src/hid/midi.h:
#  Implicit rule search has been done.
#  Last modified 2022-06-21 17:36:36
#  File has been updated.
#  Successfully updated.
# variable set hash-table stats:
# Load=0/32=0%, Rehash=0, Collisions=0/0=0%

../../DaisySP/Source/Control/adenv.h:
#  Implicit rule search has been done.
#  Last modified 2022-06-21 17:36:36
#  File has been updated.
#  Successfully updated.
# variable set hash-table stats:
# Load=0/32=0%, Rehash=0, Collisions=0/0=0%

../../libDaisy/Drivers/STM32H7xx_HAL_Driver/Inc/stm32h7xx_hal_nand.h:
#  Implicit rule search has been done.
#  Last modified 2022-06-21 17:36:36
#  File has been updated.
#  Successfully updated.
# variable set hash-table stats:
# Load=0/32=0%, Rehash=0, Collisions=0/0=0%

../../libDaisy/Drivers/STM32H7xx_HAL_Driver/Inc/stm32h7xx_hal_hrtim.h:
#  Implicit rule search has been done.
#  Last modified 2022-06-21 17:36:36
#  File has been updated.
#  Successfully updated.
# variable set hash-table stats:
# Load=0/32=0%, Rehash=0, Collisions=0/0=0%

../../libDaisy/Drivers/STM32H7xx_HAL_Driver/Inc/stm32h7xx_ll_sdmmc.h:
#  Implicit rule search has been done.
#  Last modified 2022-06-21 17:36:36
#  File has been updated.
#  Successfully updated.
# variable set hash-table stats:
# Load=0/32=0%, Rehash=0, Collisions=0/0=0%

../../libDaisy/Drivers/CMSIS/Include/cmsis_gcc.h:
#  Implicit rule search has been done.
#  Last modified 2022-06-21 17:36:36
#  File has been updated.
#  Successfully updated.
# variable set hash-table stats:
# Load=0/32=0%, Rehash=0, Collisions=0/0=0%

build/blank.o: blank.cpp Makefile blank.cpp ../../libDaisy/Drivers/CMSIS/Device/ST/STM32H7xx/Include/stm32h7xx.h ../../libDaisy/Drivers/CMSIS/Device/ST/STM32H7xx/Include/stm32h750xx.h ../../libDaisy/Drivers/CMSIS/Include/core_cm7.h ../../libDaisy/Drivers/CMSIS/Include/cmsis_compiler.h ../../libDaisy/Drivers/CMSIS/Include/cmsis_gcc.h ../../libDaisy/Drivers/CMSIS/Device/ST/STM32H7xx/Include/system_stm32h7xx.h ../../libDaisy/Drivers/STM32H7xx_HAL_Driver/Inc/stm32h7xx_hal.h ../../libDaisy/src/sys/stm32h7xx_hal_conf.h ../../libDaisy/Drivers/STM32H7xx_HAL_Driver/Inc/stm32h7xx_hal_rcc.h ../../libDaisy/Drivers/STM32H7xx_HAL_Driver/Inc/stm32h7xx_hal_def.h ../../libDaisy/Drivers/STM32H7xx_HAL_Driver/Inc/Legacy/stm32_hal_legacy.h ../../libDaisy/Drivers/STM32H7xx_HAL_Driver/Inc/stm32h7xx_hal_rcc_ex.h ../../libDaisy/Drivers/STM32H7xx_HAL_Driver/Inc/stm32h7xx_hal_gpio.h ../../libDaisy/Drivers/STM32H7xx_HAL_Driver/Inc/stm32h7xx_hal_gpio_ex.h ../../libDaisy/Drivers/STM32H7xx_HAL_Driver/Inc/stm32h7xx_hal_dma.h ../../libDaisy/Drivers/STM32H7xx_HAL_Driver/Inc/stm32h7xx_hal_dma_ex.h ../../libDaisy/Drivers/STM32H7xx_HAL_Driver/Inc/stm32h7xx_hal_mdma.h ../../libDaisy/Drivers/STM32H7xx_HAL_Driver/Inc/stm32h7xx_hal_hash.h ../../libDaisy/Drivers/STM32H7xx_HAL_Driver/Inc/stm32h7xx_hal_hash_ex.h ../../libDaisy/Drivers/STM32H7xx_HAL_Driver/Inc/stm32h7xx_hal_dcmi.h ../../libDaisy/Drivers/STM32H7xx_HAL_Driver/Inc/stm32h7xx_hal_dma2d.h ../../libDaisy/Drivers/STM32H7xx_HAL_Driver/Inc/stm32h7xx_hal_dsi.h ../../libDaisy/Drivers/STM32H7xx_HAL_Driver/Inc/stm32h7xx_hal_dfsdm.h ../../libDaisy/Drivers/STM32H7xx_HAL_Driver/Inc/stm32h7xx_hal_eth.h ../../libDaisy/Drivers/STM32H7xx_HAL_Driver/Inc/stm32h7xx_hal_eth_ex.h ../../libDaisy/Drivers/STM32H7xx_HAL_Driver/Inc/stm32h7xx_hal_exti.h ../../libDaisy/Drivers/STM32H7xx_HAL_Driver/Inc/stm32h7xx_hal_cortex.h ../../libDaisy/Drivers/STM32H7xx_HAL_Driver/Inc/stm32h7xx_hal_adc.h ../../libDaisy/Drivers/STM32H7xx_HAL_Driver/Inc/stm32h7xx_ll_adc.h ../../libDaisy/Drivers/STM32H7xx_HAL_Driver/Inc/stm32h7xx_hal_adc_ex.h ../../libDaisy/Drivers/STM32H7xx_HAL_Driver/Inc/stm32h7xx_hal_fdcan.h ../../libDaisy/Drivers/STM32H7xx_HAL_Driver/Inc/stm32h7xx_hal_cec.h ../../libDaisy/Drivers/STM32H7xx_HAL_Driver/Inc/stm32h7xx_hal_comp.h ../../libDaisy/Drivers/STM32H7xx_HAL_Driver/Inc/stm32h7xx_hal_crc.h ../../libDaisy/Drivers/STM32H7xx_HAL_Driver/Inc/stm32h7xx_hal_crc_ex.h ../../libDaisy/Drivers/STM32H7xx_HAL_Driver/Inc/stm32h7xx_hal_cryp.h ../../libDaisy/Drivers/STM32H7xx_HAL_Driver/Inc/stm32h7xx_hal_cryp_ex.h ../../libDaisy/Drivers/STM32H7xx_HAL_Driver/Inc/stm32h7xx_hal_dac.h ../../libDaisy/Drivers/STM32H7xx_HAL_Driver/Inc/stm32h7xx_hal_dac_ex.h ../../libDaisy/Drivers/STM32H7xx_HAL_Driver/Inc/stm32h7xx_hal_flash.h ../../libDaisy/Drivers/STM32H7xx_HAL_Driver/Inc/stm32h7xx_hal_flash_ex.h ../../libDaisy/Drivers/STM32H7xx_HAL_Driver/Inc/stm32h7xx_hal_hrtim.h ../../libDaisy/Drivers/STM32H7xx_HAL_Driver/Inc/stm32h7xx_hal_hsem.h ../../libDaisy/Drivers/STM32H7xx_HAL_Driver/Inc/stm32h7xx_hal_sram.h ../../libDaisy/Drivers/STM32H7xx_HAL_Driver/Inc/stm32h7xx_ll_fmc.h ../../libDaisy/Drivers/STM32H7xx_HAL_Driver/Inc/stm32h7xx_hal_nor.h ../../libDaisy/Drivers/STM32H7xx_HAL_Driver/Inc/stm32h7xx_hal_nand.h ../../libDaisy/Drivers/STM32H7xx_HAL_Driver/Inc/stm32h7xx_hal_i2c.h ../../libDaisy/Drivers/STM32H7xx_HAL_Driver/Inc/stm32h7xx_hal_i2c_ex.h ../../libDaisy/Drivers/STM32H7xx_HAL_Driver/Inc/stm32h7xx_hal_i2s.h ../../libDaisy/Drivers/STM32H7xx_HAL_Driver/Inc/stm32h7xx_hal_iwdg.h ../../libDaisy/Drivers/STM32H7xx_HAL_Driver/Inc/stm32h7xx_hal_jpeg.h ../../libDaisy/Drivers/STM32H7xx_HAL_Driver/Inc/stm32h7xx_hal_mdios.h ../../libDaisy/Drivers/STM32H7xx_HAL_Driver/Inc/stm32h7xx_hal_mmc.h ../../libDaisy/Drivers/STM32H7xx_HAL_Driver/Inc/stm32h7xx_ll_sdmmc.h ../../libDaisy/Drivers/STM32H7xx_HAL_Driver/Inc/stm32h7xx_hal_mmc_ex.h ../../libDaisy/Drivers/STM32H7xx_HAL_Driver/Inc/stm32h7xx_hal_lptim.h ../../libDaisy/Drivers/STM32H7xx_HAL_Driver/Inc/stm32h7xx_hal_ltdc.h ../../libDaisy/Drivers/STM32H7xx_HAL_Driver/Inc/stm32h7xx_hal_ltdc_ex.h ../../libDaisy/Drivers/STM32H7xx_HAL_Driver/Inc/stm32h7xx_hal_opamp.h ../../libDaisy/Drivers/STM32H7xx_HAL_Driver/Inc/stm32h7xx_hal_opamp_ex.h ../../libDaisy/Drivers/STM32H7xx_HAL_Driver/Inc/stm32h7xx_hal_pwr.h ../../libDaisy/Drivers/STM32H7xx_HAL_Driver/Inc/stm32h7xx_hal_pwr_ex.h ../../libDaisy/Drivers/STM32H7xx_HAL_Driver/Inc/stm32h7xx_hal_qspi.h ../../libDaisy/Drivers/STM32H7xx_HAL_Driver/Inc/stm32h7xx_hal_ramecc.h ../../libDaisy/Drivers/STM32H7xx_HAL_Driver/Inc/stm32h7xx_hal_rng.h ../../libDaisy/Drivers/STM32H7xx_HAL_Driver/Inc/stm32h7xx_hal_rtc.h ../../libDaisy/Drivers/STM32H7xx_HAL_Driver/Inc/stm32h7xx_hal_rtc_ex.h ../../libDaisy/Drivers/STM32H7xx_HAL_Driver/Inc/stm32h7xx_hal_sai.h ../../libDaisy/Drivers/STM32H7xx_HAL_Driver/Inc/stm32h7xx_hal_sai_ex.h ../../libDaisy/Drivers/STM32H7xx_HAL_Driver/Inc/stm32h7xx_hal_sd.h ../../libDaisy/Drivers/STM32H7xx_HAL_Driver/Inc/stm32h7xx_ll_delayblock.h ../../libDaisy/Drivers/STM32H7xx_HAL_Driver/Inc/stm32h7xx_hal_sd_ex.h ../../libDaisy/Drivers/STM32H7xx_HAL_Driver/Inc/stm32h7xx_hal_sdram.h ../. 
./libDaisy/Drivers/STM32H7xx_HAL_Driver/Inc/stm32h7xx_hal_spi.h ../../libDaisy/Drivers/STM32H7xx_HAL_Driver/Inc/stm32h7xx_hal_spi_ex.h ../../libDaisy/Drivers/STM32H7xx_HAL_Driver/Inc/stm32h7xx_hal_spdifrx.h ../../libDaisy/Drivers/STM32H7xx_HAL_Driver/Inc/stm32h7xx_hal_swpmi.h ../../libDaisy/Drivers/STM32H7xx_HAL_Driver/Inc/stm32h7xx_hal_tim.h ../../libDaisy/Drivers/STM32H7xx_HAL_Driver/Inc/stm32h7xx_hal_tim_ex.h ../../libDaisy/Drivers/STM32H7xx_HAL_Driver/Inc/stm32h7xx_hal_uart.h ../../libDaisy/Drivers/STM32H7xx_HAL_Driver/Inc/stm32h7xx_hal_uart_ex.h ../../libDaisy/Drivers/STM32H7xx_HAL_Driver/Inc/stm32h7xx_hal_usart.h ../../libDaisy/Drivers/STM32H7xx_HAL_Driver/Inc/stm32h7xx_hal_usart_ex.h ../../libDaisy/Drivers/STM32H7xx_HAL_Driver/Inc/stm32h7xx_hal_irda.h ../../libDaisy/Drivers/STM32H7xx_HAL_Driver/Inc/stm32h7xx_hal_irda_ex.h ../../libDaisy/Drivers/STM32H7xx_HAL_Driver/Inc/stm32h7xx_hal_smartcard.h ../../libDaisy/Drivers/STM32H7xx_HAL_Driver/Inc/stm32h7xx_hal_smartcard_ex.h ../../libDaisy/Drivers/STM32H7xx_HAL_Driver/Inc/stm32h7xx_hal_smbus.h ../../libDaisy/Drivers/STM32H7xx_HAL_Driver/Inc/stm32h7xx_hal_wwdg.h ../../libDaisy/Drivers/STM32H7xx_HAL_Driver/Inc/stm32h7xx_hal_pcd.h ../../libDaisy/Drivers/STM32H7xx_HAL_Driver/Inc/stm32h7xx_ll_usb.h ../../libDaisy/Drivers/STM32H7xx_HAL_Driver/Inc/stm32h7xx_hal_pcd_ex.h ../../libDaisy/Drivers/STM32H7xx_HAL_Driver/Inc/stm32h7xx_hal_hcd.h ../../DaisySP/Source/daisysp.h ../../DaisySP/Source/Control/adenv.h ../../DaisySP/Source/Control/adsr.h ../../DaisySP/Source/Control/line.h ../../DaisySP/Source/Control/phasor.h ../../DaisySP/Source/Drums/analogbassdrum.h ../../DaisySP/Source/Synthesis/oscillator.h ../../DaisySP/Source/Utility/dsp.h ../../DaisySP/Source/Filters/svf.h ../../DaisySP/Source/Drums/analogsnaredrum.h ../../DaisySP/Source/Drums/hihat.h ../../DaisySP/Source/Drums/synthbassdrum.h ../../DaisySP/Source/Drums/synthsnaredrum.h ../../DaisySP/Source/Dynamics/balance.h ../../DaisySP/Source/Dynamics/compressor.h ../../DaisySP/Source/Dynamics/crossfade.h ../../DaisySP/Source/Dynamics/limiter.h ../../DaisySP/Source/Effects/autowah.h ../../DaisySP/Source/Effects/bitcrush.h ../../DaisySP/Source/Effects/chorus.h ../../DaisySP/Source/Utility/delayline.h ../../DaisySP/Source/Effects/decimator.h ../../DaisySP/Source/Effects/flanger.h ../../DaisySP/Source/Effects/fold.h ../../DaisySP/Source/Effects/overdrive.h ../../DaisySP/Source/Effects/reverbsc.h ../../DaisySP/Source/Effects/phaser.h ../../DaisySP/Source/Effects/pitchshifter.h ../../DaisySP/Source/Effects/sampleratereducer.h ../../DaisySP/Source/Effects/tremolo.h ../../DaisySP/Source/Filters/allpass.h ../../DaisySP/Source/Filters/atone.h ../../DaisySP/Source/Filters/biquad.h ../../DaisySP/Source/Filters/comb.h ../../DaisySP/Source/Filters/mode.h ../../DaisySP/Source/Filters/moogladder.h ../../DaisySP/Source/Filters/nlfilt.h ../../DaisySP/Source/Filters/tone.h ../../DaisySP/Source/Filters/fir.h ../../DaisySP/Source/Noise/clockednoise.h ../../DaisySP/Source/Noise/dust.h ../../DaisySP/Source/Noise/fractal_noise.h ../../DaisySP/Source/Noise/grainlet.h ../../DaisySP/Source/Noise/particle.h ../../DaisySP/Source/Noise/whitenoise.h ../../DaisySP/Source/PhysicalModeling/drip.h ../../DaisySP/Source/PhysicalModeling/modalvoice.h ../../DaisySP/Source/PhysicalModeling/resonator.h ../../DaisySP/Source/PhysicalModeling/pluck.h ../../DaisySP/Source/PhysicalModeling/PolyPluck.h ../../DaisySP/Source/Utility/dcblock.h ../../DaisySP/Source/PhysicalModeling/KarplusString.h ../../DaisySP/Source/PhysicalModeling/stringvoice.h ../../DaisySP/Source/Synthesis/blosc.h ../../DaisySP/Source/Synthesis/fm2.h ../../DaisySP/Source/Synthesis/formantosc.h ../../DaisySP/Source/Synthesis/harmonic_osc.h ../../DaisySP/Source/Synthesis/oscillatorbank.h ../../DaisySP/Source/Synthesis/variablesawosc.h ../../DaisySP/Source/Synthesis/variableshapeosc.h ../../DaisySP/Source/Synthesis/vosim.h ../../DaisySP/Source/Synthesis/zoscillator.h ../../DaisySP/Source/Utility/jitter.h ../../DaisySP/Source/Utility/looper.h ../../DaisySP/Source/Utility/maytrig.h ../../DaisySP/Source/Utility/metro.h ../../DaisySP/Source/Utility/port.h ../../DaisySP/Source/Utility/samplehold.h ../../DaisySP/Source/Utility/smooth_random.h ../../libDaisy/src/daisy_patch.h ../../libDaisy/src/daisy_seed.h ../../libDaisy/src/daisy.h ../../libDaisy/src/daisy_core.h ../../libDaisy/src/version.h ../../libDaisy/src/sys/system.h ../../libDaisy/src/per/tim.h ../../libDaisy/src/per/qspi.h ../../libDaisy/src/per/dac.h ../../libDaisy/src/per/gpio.h ../../libDaisy/src/dev/leddriver.h ../../libDaisy/src/per/i2c.h ../../libDaisy/src/dev/sdram.h ../../libDaisy/src/dev/sr_4021.h ../../libDaisy/src/sys/system.h ../../libDaisy/src/hid/audio.h ../../libDaisy/src/per/sai.h ../../libDaisy/src/util/unique_id.h ../../libDaisy/src/per/adc.h ../../libDaisy/src/per/uart.h ../../libDaisy/src/hid/midi.h ../../libDaisy/src/util/ringbuffer.h ../../libDaisy/src/hid/MidiEvent.h ../../libDaisy/src/hid/usb_midi.h ../../libDaisy/src/hid/usb.h ../../libDaisy/src/hid/encoder.h ../../libDaisy/src/hid/switch.h ../../libDaisy/src/hid/switch3.h ../../libDaisy/src/hid/ctrl.h ../../libDaisy/src/hid/gatein.h ../../libDaisy/src/hid/parameter.h ../../libDaisy/src/hid/logger.h ../../libDaisy/src/hid/logger_impl.h ../../libDaisy/src/hid/usb_host.h ../../libDaisy/src/per/sdmmc.h ../../libDaisy/src/per/spi.h ../../libDaisy/src/per/spiMultislave.h ../../libDaisy/src/per/rng.h ../../libDaisy/src/hid/disp/display.h ../../libDaisy/src/util/oled_fonts.h ../../libDaisy/src/hid/disp/graphics_common.h ../../libDaisy/src/hid/disp/oled_display.h ../../libDaisy/src/hid/wavplayer.h ../../libDaisy/src/util/wav_format.h ../../libDaisy/Middlewares/Third_Party/FatFs/src/ff.h ../../libDaisy/Middlewares/Third_Party/FatFs/src/integer.h ../../libDaisy/src/sys/ffconf.h ../../libDaisy/src/util/bsp_sd_diskio.h ../../libDaisy/src/hid/led.h ../../libDaisy/src/hid/rgb_led.h ../../libDaisy/src/util/color.h ../../libDaisy/src/dev/sr_595.h ../../libDaisy/src/dev/codec_pcm3060.h ../../libDaisy/src/dev/codec_wm8731.h ../../libDaisy/src/dev/lcd_hd44780.h ../../libDaisy/src/dev/mcp23x17.h ../../libDaisy/src/dev/max11300.h ../../libDaisy/src/ui/ButtonMonitor.h ../../libDaisy/src/ui/UiEventQueue.h ../../libDaisy/src/ui/../util/FIFO.h ../../libDaisy/src/ui/../util/scopedirqblocker.h ../../libDaisy/Drivers/CMSIS/Include/cmsis_gcc.h ../../libDaisy/src/ui/../sys/system.h ../../libDaisy/src/ui/PotMonitor.h ../../libDaisy/src/ui/UI.h ../../libDaisy/src/ui/../util/Stack.h ../../libDaisy/src/ui/AbstractMenu.h ../../libDaisy/src/util/MappedValue.h ../../libDaisy/src/util/FixedCapStr.h ../../libDaisy/src/ui/FullScreenItemMenu.h ../../libDaisy/src/util/CpuLoadMeter.h ../../libDaisy/src/util/PersistentStorage.h ../../libDaisy/src/per/qspi.h ../../libDaisy/src/util/VoctCalibration.h ../../libDaisy/src/util/WaveTableLoader.h ../../libDaisy/src/sys/fatfs.h ../../libDaisy/src/util/WavWriter.h ../../libDaisy/src/dev/oled_ssd130x.h | build
#  Implicit rule search has been done.
#  Implicit/static pattern stem: `blank'
#  Last modified 2022-07-17 17:53:17
#  File has been updated.
#  Successfully updated.
# variable set hash-table stats:
# Load=0/32=0%, Rehash=0, Collisions=0/0=0%
#  commands to execute (from `../../libDaisy/core/Makefile', line 235):
	$(CXX) -c $(CPPFLAGS) $(CPP_STANDARD) -Wa,-a,-ad,-alms=$(BUILD_DIR)/$(notdir $(<:.cpp=.lst)) $< -o $@
	

build/Blank.hex: build/Blank.elf | build
#  Implicit rule search has been done.
#  Implicit/static pattern stem: `Blank'
#  Last modified 2022-07-17 17:53:17
#  File has been updated.
#  Successfully updated.
# variable set hash-table stats:
# Load=0/32=0%, Rehash=0, Collisions=0/0=0%
#  commands to execute (from `../../libDaisy/core/Makefile', line 244):
	$(HEX) $< $@
	

../../libDaisy/src/hid/wavplayer.h:
#  Implicit rule search has been done.
#  Last modified 2022-06-21 17:36:36
#  File has been updated.
#  Successfully updated.
# variable set hash-table stats:
# Load=0/32=0%, Rehash=0, Collisions=0/0=0%

../../libDaisy/src/util/wav_format.h:
#  Implicit rule search has been done.
#  Last modified 2022-06-21 17:36:36
#  File has been updated.
#  Successfully updated.
 
# variable set hash-table stats:
# Load=0/32=0%, Rehash=0, Collisions=0/0=0%

../../DaisySP/Source/Synthesis/blosc.h:
#  Implicit rule search has been done.
 
#  Last modified 2022-06-21 17:36:36
#  File has been updated.
#  Successfully updated.
# variable set hash-table stats:
# Load=0/32=0%, Rehash=0, Collisions=0/0=0%

../../libDaisy/Drivers/STM32H7xx_HAL_Driver/Inc/stm32h7xx_hal_gpio.h:
#  Implicit rule search has been done.
#  Last modified 2022-06-21 17:36:36
#  File has been updated.
#  Successfully updated.
# variable set hash-table stats:
# Load=0/32=0%, Rehash=0, Collisions=0/0=0%

../../DaisySP/Source/Filters/biquad.h:
#  Implicit rule search has been done.
#  Last modified 2022-06-21 17:36:36
#  File has been updated.
#  Successfully updated.
# variable set hash-table stats:
# Load=0/32=0%, Rehash=0, Collisions=0/0=0%

../../libDaisy/Drivers/STM32H7xx_HAL_Driver/Inc/stm32h7xx_hal_iwdg.h:
#  Implicit rule search has been done.
#  Last modified 2022-06-21 17:36:36
#  File has been updated.
#  Successfully updated.
# variable set hash-table stats:
# Load=0/32=0%, Rehash=0, Collisions=0/0=0%

../../DaisySP/Source/Dynamics/limiter.h:
#  Implicit rule search has been done.
#  Last modified 2022-06-21 17:36:36
#  File has been updated.
#  Successfully updated.
# variable set hash-table stats:
# Load=0/32=0%, Rehash=0, Collisions=0/0=0%

../../DaisySP/Source/Utility/dcblock.h:
#  Implicit rule search has been done.
#  Last modified 2022-06-21 17:36:36
#  File has been updated.
#  Successfully updated.
# variable set hash-table stats:
# Load=0/32=0%, Rehash=0, Collisions=0/0=0%

../../DaisySP/Source/PhysicalModeling/modalvoice.h:
#  Implicit rule search has been done.
#  Last modified 2022-06-21 17:36:36
#  File has been updated.
#  Successfully updated.
# variable set hash-table stats:
# Load=0/32=0%, Rehash=0, Collisions=0/0=0%

../../DaisySP/Source/Effects/fold.h:
#  Implicit rule search has been done.
#  Last modified 2022-06-21 17:36:36
#  File has been updated.
#  Successfully updated.
# variable set hash-table stats:
# Load=0/32=0%, Rehash=0, Collisions=0/0=0%

../../libDaisy/Drivers/STM32H7xx_HAL_Driver/Inc/stm32h7xx_hal.h:
#  Implicit rule search has been done.
#  Last modified 2022-06-21 17:36:36
#  File has been updated.
#  Successfully updated.
# variable set hash-table stats:
# Load=0/32=0%, Rehash=0, Collisions=0/0=0%

../../DaisySP/Source/Filters/moogladder.h:
#  Implicit rule search has been done.
#  Last modified 2022-06-21 17:36:36
#  File has been updated.
#  Successfully updated.
# variable set hash-table stats:
# Load=0/32=0%, Rehash=0, Collisions=0/0=0%

../../libDaisy/src/dev/lcd_hd44780.h:
#  Implicit rule search has been done.
#  Last modified 2022-06-21 17:36:36
#  File has been updated.
#  Successfully updated.
# variable set hash-table stats:
# Load=0/32=0%, Rehash=0, Collisions=0/0=0%

../../libDaisy/Drivers/STM32H7xx_HAL_Driver/Inc/stm32h7xx_hal_crc.h:
#  Implicit rule search has been done.
#  Last modified 2022-06-21 17:36:36
#  File has been updated.
#  Successfully updated.
# variable set hash-table stats:
# Load=0/32=0%, Rehash=0, Collisions=0/0=0%

../../libDaisy/Drivers/STM32H7xx_HAL_Driver/Inc/stm32h7xx_hal_mdma.h:
#  Implicit rule search has been done.
#  Last modified 2022-06-21 17:36:36
#  File has been updated.
#  Successfully updated.
# variable set hash-table stats:
# Load=0/32=0%, Rehash=0, Collisions=0/0=0%

../../libDaisy/src/per/dac.h:
#  Implicit rule search has been done.
#  Last modified 2022-06-21 17:36:36
#  File has been updated.
#  Successfully updated.
# variable set hash-table stats:
# Load=0/32=0%, Rehash=0, Collisions=0/0=0%

../../libDaisy/Drivers/STM32H7xx_HAL_Driver/Inc/stm32h7xx_hal_eth_ex.h:
#  Implicit rule search has been done.
#  Last modified 2022-06-21 17:36:36
#  File has been updated.
#  Successfully updated.
# variable set hash-table stats:
# Load=0/32=0%, Rehash=0, Collisions=0/0=0%

../../libDaisy/src/hid/usb_host.h:
#  Implicit rule search has been done.
#  Last modified 2022-06-21 17:36:36
#  File has been updated.
#  Successfully updated.
# variable set hash-table stats:
# Load=0/32=0%, Rehash=0, Collisions=0/0=0%

../../DaisySP/Source/Synthesis/vosim.h:
#  Implicit rule search has been done.
#  Last modified 2022-06-21 17:36:36
#  File has been updated.
#  Successfully updated.
# variable set hash-table stats:
# Load=0/32=0%, Rehash=0, Collisions=0/0=0%

../../libDaisy/Drivers/STM32H7xx_HAL_Driver/Inc/stm32h7xx_hal_rcc.h:
#  Implicit rule search has been done.
#  Last modified 2022-06-21 17:36:36
#  File has been updated.
#  Successfully updated.
# variable set hash-table stats:
# Load=0/32=0%, Rehash=0, Collisions=0/0=0%

../../libDaisy/src/ui/ButtonMonitor.h:
#  Implicit rule search has been done.
#  Last modified 2022-06-21 17:36:36
#  File has been updated.
#  Successfully updated.
# variable set hash-table stats:
# Load=0/32=0%, Rehash=0, Collisions=0/0=0%

# Not a target:
../../libDaisy/core/startup_stm32h750xx.c:
#  Implicit rule search has been done.
#  Last modified 2022-06-21 17:36:36
#  File has been updated.
#  Successfully updated.
# variable set hash-table stats:
# Load=0/32=0%, Rehash=0, Collisions=0/0=0%

../../libDaisy/Drivers/STM32H7xx_HAL_Driver/Inc/stm32h7xx_hal_rtc.h:
#  Implicit rule search has been done.
#  Last modified 2022-06-21 17:36:36
#  File has been updated.
#  Successfully updated.
# variable set hash-table stats:
 
# Load=0/32=0%, Rehash=0, Collisions=0/0=0%

../../libDaisy/Drivers/STM32H7xx_HAL_Driver/Inc/stm32h7xx_hal_spdifrx.h:
#  Implicit rule search has been done.
#  Last modified 2022-06-21 17:36:36
#  File has been updated.
#  Successfully updated.
# variable set hash-table stats:
# Load=0/32=0%, Rehash=0, Collisions=0/0=0%

../../libDaisy/src/util/CpuLoadMeter.h:
#  Implicit rule search has been done.
#  Last modified 2022-06-21 17:36:36
#  File has been updated.
#  Successfully updated.
# variable set hash-table stats:
# Load=0/32=0%, Rehash=0, Collisions=0/0=0%

../../libDaisy/src/per/tim.h:
#  Implicit rule search has been done.
#  Last modified 2022-06-21 17:36:36
#  File has been updated.
#  Successfully updated.
# variable set hash-table stats:
# Load=0/32=0%, Rehash=0, Collisions=0/0=0%

../../libDaisy/Drivers/STM32H7xx_HAL_Driver/Inc/stm32h7xx_hal_mmc_ex.h:
#  Implicit rule search has been done.
#  Last modified 2022-06-21 17:36:36
#  File has been updated.
#  Successfully updated.
# variable set hash-table stats:
# Load=0/32=0%, Rehash=0, Collisions=0/0=0%

../../libDaisy/Drivers/STM32H7xx_HAL_Driver/Inc/stm32h7xx_hal_spi_ex.h:
#  Implicit rule search has been done.
#  Last modified 2022-06-21 17:36:36
#  File has been updated.
#  Successfully updated.
# variable set hash-table stats:
# Load=0/32=0%, Rehash=0, Collisions=0/0=0%

# Not a target:
blank.cpp:
#  Implicit rule search has been done.
#  Last modified 2022-07-17 17:52:51
#  File has been updated.
#  Successfully updated.
# variable set hash-table stats:
# Load=0/32=0%, Rehash=0, Collisions=0/0=0%

../../DaisySP/Source/Synthesis/fm2.h:
#  Implicit rule search has been done.
#  Last modified 2022-06-21 17:36:36
#  File has been updated.
#  Successfully updated.
# variable set hash-table stats:
# Load=0/32=0%, Rehash=0, Collisions=0/0=0%

 
../../libDaisy/Drivers/STM32H7xx_HAL_Driver/Inc/stm32h7xx_hal_exti.h:
#  Implicit rule search has been done.
#  Last modified 2022-06-21 17:36:36
#  File has been updated.
#  Successfully updated.
# variable set hash-table stats:
# Load=0/32=0%, Rehash=0, Collisions=0/0=0%

../../libDaisy/Middlewares/Third_Party/FatFs/src/ff.h:
#  Implicit rule search has been done.
#  Last modified 2022-06-21 17:36:36
#  File has been updated.
#  Successfully updated.
# variable set hash-table stats:
# Load=0/32=0%, Rehash=0, Collisions=0/0=0%

../../libDaisy/src/ui/AbstractMenu.h:
#  Implicit rule search has been done.
#  Last modified 2022-06-21 17:36:36
#  File has been updated.
#  Successfully updated.
# variable set hash-table stats:
# Load=0/32=0%, Rehash=0, Collisions=0/0=0%

../../libDaisy/src/util/bsp_sd_diskio.h:
#  Implicit rule search has been done.
#  Last modified 2022-06-21 17:36:36
#  File has been updated.
#  Successfully updated.
# variable set hash-table stats:
# Load=0/32=0%, Rehash=0, Collisions=0/0=0%

../../libDaisy/Drivers/STM32H7xx_HAL_Driver/Inc/stm32h7xx_hal_irda_ex.h:
#  Implicit rule search has been done.
#  Last modified 2022-06-21 17:36:36
#  File has been updated.
#  Successfully updated.
# variable set hash-table stats:
# Load=0/32=0%, Rehash=0, Collisions=0/0=0%

../../libDaisy/Drivers/CMSIS/Include/cmsis_compiler.h:
#  Implicit rule search has been done.
#  Last modified 2022-06-21 17:36:36
#  File has been updated.
#  Successfully updated.
# variable set hash-table stats:
# Load=0/32=0%, Rehash=0, Collisions=0/0=0%

 
../../libDaisy/Drivers/STM32H7xx_HAL_Driver/Inc/stm32h7xx_hal_wwdg.h:
#  Implicit rule search has been done.
#  Last modified 2022-06-21 17:36:36
#  File has been updated.
#  Successfully updated.
# variable set hash-table stats:
# Load=0/32=0%, Rehash=0, Collisions=0/0=0%

../../DaisySP/Source/Filters/comb.h:
#  Implicit rule search has been done.
#  Last modified 2022-06-21 17:36:36
#  File has been updated.
#  Successfully updated.
# variable set hash-table stats:
# Load=0/32=0%, Rehash=0, Collisions=0/0=0%

../../DaisySP/Source/PhysicalModeling/stringvoice.h:
#  Implicit rule search has been done.
#  Last modified 2022-06-21 17:36:36
#  File has been updated.
#  Successfully updated.
# variable set hash-table stats:
# Load=0/32=0%, Rehash=0, Collisions=0/0=0%

../../DaisySP/Source/Effects/tremolo.h:
#  Implicit rule search has been done.
#  Last modified 2022-06-21 17:36:36
#  File has been updated.
#  Successfully updated.
# variable set hash-table stats:
# Load=0/32=0%, Rehash=0, Collisions=0/0=0%

../../libDaisy/Drivers/STM32H7xx_HAL_Driver/Inc/stm32h7xx_hal_rng.h:
#  Implicit rule search has been done.
#  Last modified 2022-06-21 17:36:36
#  File has been updated.
#  Successfully updated.
 
# variable set hash-table stats:
# Load=0/32=0%, Rehash=0, Collisions=0/0=0%

build/Blank.elf: build/startup_stm32h750xx.o build/blank.o Makefile
#  Implicit rule search has not been done.
#  Last modified 2022-07-17 17:53:17
#  File has been updated.
#  Successfully updated.
# variable set hash-table stats:
# Load=0/32=0%, Rehash=0, Collisions=0/0=0%
#  commands to execute (from `../../libDaisy/core/Makefile', line 241):
	$(CXX) $(OBJECTS) $(LDFLAGS) -o $@
	

../../DaisySP/Source/PhysicalModeling/drip.h:
#  Implicit rule search has been done.
#  Last modified 2022-06-21 17:36:36
#  File has been updated.
#  Successfully updated.
# variable set hash-table stats:
# Load=0/32=0%, Rehash=0, Collisions=0/0=0%

../../libDaisy/src/hid/MidiEvent.h:
#  Implicit rule search has been done.
#  Last modified 2022-06-21 17:36:36
#  File has been updated.
#  Successfully updated.
# variable set hash-table stats:
# Load=0/32=0%, Rehash=0, Collisions=0/0=0%

../../libDaisy/src/hid/switch3.h:
#  Implicit rule search has been done.
#  Last modified 2022-06-21 17:36:36
#  File has been updated.
#  Successfully updated.
# variable set hash-table stats:
# Load=0/32=0%, Rehash=0, Collisions=0/0=0%

../../DaisySP/Source/Synthesis/variablesawosc.h:
#  Implicit rule search has been done.
#  Last modified 2022-06-21 17:36:36
#  File has been updated.
#  Successfully updated.
# variable set hash-table stats:
# Load=0/32=0%, Rehash=0, Collisions=0/0=0%

../../libDaisy/Drivers/STM32H7xx_HAL_Driver/Inc/stm32h7xx_hal_smbus.h:
#  Implicit rule search has been done.
#  Last modified 2022-06-21 17:36:36
#  File has been updated.
#  Successfully updated.
# variable set hash-table stats:
# Load=0/32=0%, Rehash=0, Collisions=0/0=0%

../../libDaisy/src/hid/logger.h:
#  Implicit rule search has been done.
#  Last modified 2022-06-21 17:36:36
#  File has been updated.
#  Successfully updated.
# variable set hash-table stats:
# Load=0/32=0%, Rehash=0, Collisions=0/0=0%

program-boot:
#  Implicit rule search has not been done.
#  Modification time never checked.
#  File has not been updated.
#  commands to execute (from `../../libDaisy/core/Makefile', line 295):
	dfu-util -a 0 -s $(FLASH_ADDRESS):leave -D $(BOOT_BIN) -d ,0483:df11
	

../../DaisySP/Source/Synthesis/oscillator.h:
#  Implicit rule search has been done.
#  Last modified 2022-06-21 17:36:36
#  File has been updated.
#  Successfully updated.
# variable set hash-table stats:
# Load=0/32=0%, Rehash=0, Collisions=0/0=0%

../../libDaisy/Drivers/STM32H7xx_HAL_Driver/Inc/stm32h7xx_hal_hsem.h:
#  Implicit rule search has been done.
#  Last modified 2022-06-21 17:36:36
#  File has been updated.
#  Successfully updated.
# variable set hash-table stats:
# Load=0/32=0%, Rehash=0, Collisions=0/0=0%

../../libDaisy/src/ui/../util/FIFO.h:
#  Implicit rule search has been done.
#  Last modified 2022-06-21 17:36:36
#  File has been updated.
#  Successfully updated.
# variable set hash-table stats:
# Load=0/32=0%, Rehash=0, Collisions=0/0=0%

../../DaisySP/Source/Control/adsr.h:
#  Implicit rule search has been done.
#  Last modified 2022-06-21 17:36:36
#  File has been updated.
#  Successfully updated.
# variable set hash-table stats:
# Load=0/32=0%, Rehash=0, Collisions=0/0=0%
 

../../DaisySP/Source/Filters/mode.h:
#  Implicit rule search has been done.
#  Last modified 2022-06-21 17:36:36
#  File has been updated.
#  Successfully updated.
# variable set hash-table stats:
# Load=0/32=0%, Rehash=0, Collisions=0/0=0%

../../libDaisy/Drivers/STM32H7xx_HAL_Driver/Inc/stm32h7xx_hal_qspi.h:
#  Implicit rule search has been done.
#  Last modified 2022-06-21 17:36:36
#  File has been updated.
#  Successfully updated.
# variable set hash-table stats:
# Load=0/32=0%, Rehash=0, Collisions=0/0=0%

../../libDaisy/src/util/PersistentStorage.h:
#  Implicit rule search has been done.
#  Last modified 2022-06-21 17:36:36
#  File has been updated.
#  Successfully updated.
# variable set hash-table stats:
# Load=0/32=0%, Rehash=0, Collisions=0/0=0%

../../libDaisy/src/daisy.h:
#  Implicit rule search has been done.
#  Last modified 2022-06-21 17:36:36
#  File has been updated.
#  Successfully updated.
# variable set hash-table stats:
# Load=0/32=0%, Rehash=0, Collisions=0/0=0%

# files hash-table stats:
# Load=261/1024=25%, Rehash=0, Collisions=111/750=15%
# VPATH Search Paths

vpath %.c ../../libDaisy/core

# 1 `vpath' search paths.

# No general (`VPATH' variable) search path.

# # of strings in strcache: 4
# # of strcache buffers: 1
# strcache size: total = 4096 / max = 4096 / min = 4096 / avg = 4096
# strcache free: total = 4016 / max = 4016 / min = 4016 / avg = 4016

# Finished Make data base on Sun Jul 17 18:17:15 2022

 
