make all --print-data-base --no-builtin-variables --no-builtin-rules --question
# GNU Make 3.81
# Copyright (C) 2006  Free Software Foundation, Inc.
# This is free software; see the source for copying conditions.
# There is NO warranty; not even for MERCHANTABILITY or FITNESS FOR A
# PARTICULAR PURPOSE.

# This program built for i386-apple-darwin11.3.0
 

# Make data base, printed on Thu Jun 23 13:19:48 2022

# Variables

# automatic
<D = $(patsubst %/,%,$(dir $<))
# makefile (from `../../libDaisy/core/Makefile', line 68)
PREFIX = arm-none-eabi-
# automatic
?F = $(notdir $?)
# environment
ELECTRON_NO_ATTACH_CONSOLE = 1
# makefile (from `../../libDaisy/core/Makefile', line 200)
LDSCRIPT = $(SYSTEM_FILES_DIR)/STM32H750IB_flash.lds
# environment
VSCODE_LOG_NATIVE = false
# makefile (from `Makefile', line 5)
CPP_SOURCES = Verb.cpp
# makefile (from `Makefile', line 2)
TARGET = Verb
# automatic
?D = $(patsubst %/,%,$(dir $?))
# makefile (from `../../libDaisy/core/Makefile', line 183)
CPPFLAGS = $(CFLAGS) -fno-exceptions -fasm -finline -finline-functions-called-once -fshort-enums -fno-move-loop-invariants -fno-unwind-tables -Wno-register
# makefile (from `../../libDaisy/core/Makefile', line 106)
AS_DEFS = 
# makefile (from `../../libDaisy/core/Makefile', line 128)
AS_INCLUDES = 
# automatic
@D = $(patsubst %/,%,$(dir $@))
# automatic
@F = $(notdir $@)
# makefile
CURDIR := /Users/cricketbee/Desktop/DaisyExamples/petal/Verb
# makefile
SHELL = /bin/sh
# makefile (from `../../libDaisy/core/Makefile', line 87)
BIN = $(CP) -O binary -S
# environment
VSCODE_NLS_CONFIG = {"locale":"en-us","availableLanguages":{},"_languagePackSupport":true}
# makefile (from `../../libDaisy/core/Makefile', line 84)
SZ = $(PREFIX)size
# environment
_ = /usr/bin/make
# makefile (from `../../libDaisy/core/Makefile', line 180)
CFLAGS = $(MCU) $(C_DEFS) $(C_INCLUDES) $(OPT) -Wall -Wno-missing-attributes -fasm -fdata-sections -ffunction-sections -Wno-stringop-overflow -g -ggdb -MMD -MP -MF"$(@:%.o=%.d)"
# makefile (from `../../libDaisy/core/Makefile', line 1)
MAKEFILE_LIST :=  Makefile ../../libDaisy/core/Makefile
# makefile (from `../../libDaisy/core/Makefile', line 83)
CP = $(PREFIX)objcopy
# makefile (from `../../libDaisy/core/Makefile', line 193)
C_STANDARD = -std=gnu11
# environment
VSCODE_VERBOSE_LOGGING = true
# makefile (from `../../libDaisy/core/Makefile', line 82)
AS = $(PREFIX)gcc -x assembler-with-cpp
# environment
__CFBundleIdentifier = com.microsoft.VSCode
# environment
INFOPATH = /opt/homebrew/share/info:
# makefile (from `../../libDaisy/core/Makefile', line 3)
CHIPSET = stm32h7x
# environment
VSCODE_IPC_HOOK_EXTHOST = /var/folders/g0/l1whnkgn26zgpvrkcv2dxrg40000gn/T/vscode-ipc-1519c268-95da-4c04-9bc2-9b712dfe48bd.sock
# makefile (from `../../libDaisy/core/Makefile', line 23)
GDB_FLAGS = 
# environment
VSCODE_CWD = /Users/cricketbee/Desktop/DaisyExamples/pod/SimpleOscillator
# environment
PATH = /opt/local/bin:/opt/local/sbin:/opt/homebrew/bin:/opt/homebrew/sbin:/usr/local/bin:/usr/bin:/bin:/usr/sbin:/sbin:/usr/local/go/bin:/usr/local/share/dotnet:~/.dotnet/tools:/Users/cricketbee/go/bin:/Users/cricketbee
# environment
LSCOLORS = Gxfxcxdxbxegedabagacad
# makefile (from `../../libDaisy/core/Makefile', line 194)
CPP_STANDARD = -std=gnu++14
# environment
GOPATH = /Users/cricketbee/go
# makefile (from `Makefile', line 9)
DAISYSP_DIR = ../../DaisySP
# environment
 
LaunchInstanceID = 30555DFB-4AAE-4458-BDD8-0883EB317B12
# environment
VSCODE_LOG_STACK = false
# environment
ELECTRON_RUN_AS_NODE = 1
# makefile (from `../../libDaisy/core/Makefile', line 214)
LDFLAGS =  $(MCU) --specs=nano.specs --specs=nosys.specs -T$(LDSCRIPT) $(LIBDIR) $(LIBS) -Wl,-Map=$(BUILD_DIR)/$(TARGET).map,--cref -Wl,--gc-sections -Wl,--print-memory-usage
# default
.FEATURES := target-specific order-only second-expansion else-if archives jobserver check-symlink
# environment
SSH_AUTH_SOCK = /private/tmp/com.apple.launchd.zrsHwJtWzL/Listeners
# automatic
%F = $(notdir $%)
# makefile (from `../../libDaisy/core/Makefile', line 32)
OPT = -O2
# makefile (from `../../libDaisy/core/Makefile', line 5)
TARGET_BIN = $(TARGET).bin
# environment
VSCODE_PIPE_LOGGING = true
# environment
PWD = /Users/cricketbee/Desktop/DaisyExamples/petal/Verb
# makefile (from `../../libDaisy/core/Makefile', line 9)
QSPI_ADDRESS = 0x90040000
# environment
HOMEBREW_CELLAR = /opt/homebrew/Cellar
# environment
ORIGINAL_XDG_CURRENT_DESKTOP = undefined
# environment
MANPATH = /opt/local/share/man:/opt/homebrew/share/man::
# environment
VSCODE_AMD_ENTRYPOINT = vs/workbench/api/node/extensionHostProcess
# environment
HOME = /Users/cricketbee
# default
MAKEFILEPATH = $(shell /usr/bin/xcode-select -print-path 2>/dev/null || echo /Developer)/Makefiles
# environment
VSCODE_CLI = 1
# environment
VSCODE_CODE_CACHE_PATH = /Users/cricketbee/Library/Application Support/Code/CachedData/30d9c6cd9483b2cc586687151bcbcd635f373630
# environment
LOGNAME = cricketbee
# environment
APPLICATION_INSIGHTS_NO_DIAGNOSTIC_CHANNEL = 1
# makefile (from `../../libDaisy/core/Makefile', line 19)
OCD_DIR = /usr/local/share/openocd/scripts
# environment
ZSH = /Users/cricketbee/.oh-my-zsh
# environment
VSCODE_HANDLES_UNCAUGHT_ERRORS = true
# automatic
^D = $(patsubst %/,%,$(dir $^))
# makefile (from `../../libDaisy/core/Makefile', line 116)
C_DEFS =  -DUSE_HAL_DRIVER -DSTM32H750xx -DHSE_VALUE=16000000  -DCORE_CM7 -DSTM32H750IB -DARM_MATH_CM7 -DUSE_FULL_LL_DRIVER
# environment
XPC_FLAGS = 0x0
# default
MAKE = $(MAKE_COMMAND)
# default
MAKECMDGOALS := all
# environment
SHLVL = 3
# makefile (from `../../libDaisy/core/Makefile', line 99)
FLOAT-ABI = -mfloat-abi=hard
# makefile (from `../../libDaisy/core/Makefile', line 86)
HEX = $(CP) -O ihex
# makefile (from `../../libDaisy/core/Makefile', line 79)
CC = $(PREFIX)gcc
# makefile (from `../../libDaisy/core/Makefile', line 41)
BUILD_DIR = build
# makefile (from `../../libDaisy/core/Makefile', line 169)
ASFLAGS = $(MCU) $(AS_DEFS) $(AS_INCLUDES) $(OPT) -Wall -fdata-sections -ffunction-sections
# default
 
MAKE_VERSION := 3.81
# environment
USER = cricketbee
# makefile
.DEFAULT_GOAL := all
# environment
TERM_SESSION_ID = A357E4DB-DFC9-4159-964A-6E2811E7CBD2
# environment
LESS = -R
# automatic
%D = $(patsubst %/,%,$(dir $%))
# makefile (from `../../libDaisy/core/Makefile', line 210)
LIBDIR = -L$(LIBDAISY_DIR)/build -L $(DAISYSP_DIR)/build
# makefile (from `../../libDaisy/core/Makefile', line 93)
CPU = -mcpu=cortex-m7
# makefile (from `../../libDaisy/core/Makefile', line 96)
FPU = -mfpu=fpv5-d16
# makefile (from `../../libDaisy/core/Makefile', line 20)
PGM_DEVICE = interface/stlink.cfg
# default
MAKE_COMMAND := /Library/Developer/CommandLineTools/usr/bin/make
# makefile (from `../../libDaisy/core/Makefile', line 7)
BOOT_BIN = $(wildcard $(SYSTEM_FILES_DIR)/dsy_bootloader*)
# environment
TERM_PROGRAM = Apple_Terminal
# default
.VARIABLES := 
# environment
TMPDIR = /var/folders/g0/l1whnkgn26zgpvrkcv2dxrg40000gn/T/
# automatic
*F = $(notdir $*)
# environment
VSCODE_IPC_HOOK = /Users/cricketbee/Library/Application Support/Code/1.68.1-main.sock
# makefile
MAKEFLAGS = Rrqp
# environment
MFLAGS = -Rrqp
# automatic
*D = $(patsubst %/,%,$(dir $*))
# environment
TERM_PROGRAM_VERSION = 443
# makefile (from `../../libDaisy/core/Makefile', line 18)
OCD = openocd
# environment
XPC_SERVICE_NAME = application.com.microsoft.VSCode.4364544.4364550.441DA1B4-FC47-4504-B644-E97CF0DCC433
# environment
HOMEBREW_PREFIX = /opt/homebrew
# automatic
+D = $(patsubst %/,%,$(dir $+))
# makefile (from `../../libDaisy/core/Makefile', line 6)
TARGET_ELF = $(TARGET).elf
# automatic
+F = $(notdir $+)
# makefile (from `../../libDaisy/core/Makefile', line 8)
FLASH_ADDRESS = 0x08000000
# environment
HOMEBREW_REPOSITORY = /opt/homebrew
# makefile (from `../../libDaisy/core/Makefile', line 102)
MCU = $(CPU) -mthumb $(FPU) $(FLOAT-ABI)
# makefile (from `../../libDaisy/core/Makefile', line 166)
C_INCLUDES = -include stm32h7xx.h -I$(LIBDAISY_DIR) -I$(LIBDAISY_DIR)/src/ -I$(LIBDAISY_DIR)/src/sys -I$(LIBDAISY_DIR)/src/usbd -I$(LIBDAISY_DIR)/src/usbh -I$(LIBDAISY_DIR)/Drivers/CMSIS/Include/ -I$(LIBDAISY_DIR)/Drivers/CMSIS/DSP/Include -I$(LIBDAISY_DIR)/Drivers/CMSIS/Device/ST/STM32H7xx/Include -I$(LIBDAISY_DIR)/Drivers/STM32H7xx_HAL_Driver/Inc/ -I$(LIBDAISY_DIR)/Middlewares/ST/STM32_USB_Device_Library/Core/Inc -I$(LIBDAISY_DIR)/Middlewares/ST/STM32_USB_Host_Library/Core/Inc -I$(LIBDAISY_DIR)/Middlewares/ST/STM32_USB_Host_Library/Class/MSC/Inc -I$(SYSTEM_FILES_DIR)/ -I$(DAISYSP_DIR)/Source -I$(FATFS_DIR)
# environment
__CF_USER_TEXT_ENCODING = 0x1F5:0x0:0x0
# environment
COMMAND_MODE = unix2003
# makefile (from `../../libDaisy/core/Makefile', line 155)
FATFS_DIR = $(LIBDAISY_DIR)/Middlewares/Third_Party/FatFs/src
# default
MAKEFILES := 
# automatic
<F = $(notdir $<)
# makefile (from `../../libDaisy/core/Makefile', line 21)
OCDFLAGS = -f $(PGM_DEVICE) -f target/$(CHIPSET).cfg
# makefile (from `../../libDaisy/core/Makefile', line 80)
CXX = $(PREFIX)g++ 
# makefile (from `../../libDaisy/core/Makefile', line 157)
FATFS_SOURCES =  $(FATFS_DIR)/diskio.c $(FATFS_DIR)/ff.c $(FATFS_DIR)/ff_gen_drv.c $(FATFS_DIR)/option/ccsbcs.c
# environment
PAGER = less
# environment
LC_ALL = C
# makefile (from `Makefile', line 12)
SYSTEM_FILES_DIR = $(LIBDAISY_DIR)/core
# makefile (from `Makefile', line 8)
LIBDAISY_DIR = ../../libDaisy
# makefile (from `../../libDaisy/core/Makefile', line 81)
GDB = $(PREFIX)gdb
# makefile (from `../../libDaisy/core/Makefile', line 209)
LIBS = -ldaisy -lc -lm -lnosys -ldaisysp
# environment
SECURITYSESSIONID = 186a5
# automatic
^F = $(notdir $^)
# makefile (from `../../libDaisy/core/Makefile', line 55)
C_SOURCES = $(SYSTEM_FILES_DIR)/startup_stm32h750xx.c
# default
SUFFIXES := 
# default
.INCLUDE_DIRS = /usr/local/include
# environment
MAKELEVEL := 0
# makefile (from `../../libDaisy/core/Makefile', line 228)
OBJECTS = $(addprefix $(BUILD_DIR)/,$(notdir $(C_SOURCES:.c=.o))) $(addprefix $(BUILD_DIR)/,$(notdir $(CPP_SOURCES:.cpp=.o))) $(addprefix $(BUILD_DIR)/,$(notdir $(ASM_SOURCES:.s=.o)))
# environment
LANG = C
# environment
TERM = xterm-256color
# environment
VSCODE_PID = 16535
# variable set hash-table stats:
# Load=128/1024=12%, Rehash=0, Collisions=25/249=10%

# Pattern-specific Variable Values

# No pattern-specific variable values.

# Directories

# . (device 16777233, inode 4607901): 6 files, no impossibilities.
# build: could not be stat'd.
# ../../libDaisy/core (device 16777233, inode 4610121): 3 files, no impossibilities so far.

# 9 files, no impossibilities in 3 directories.

# Implicit Rules

build/%.o: %.c Makefile | build
#  commands to execute (from `../../libDaisy/core/Makefile', line 232):
	$(CC) -c $(CFLAGS) $(C_STANDARD) -Wa,-a,-ad,-alms=$(BUILD_DIR)/$(notdir $(<:.c=.lst)) $< -o $@
	

build/%.o: %.cpp Makefile | build
#  commands to execute (from `../../libDaisy/core/Makefile', line 235):
	$(CXX) -c $(CPPFLAGS) $(CPP_STANDARD) -Wa,-a,-ad,-alms=$(BUILD_DIR)/$(notdir $(<:.cpp=.lst)) $< -o $@
	

build/%.o: %.s Makefile | build
#  commands to execute (from `../../libDaisy/core/Makefile', line 238):
	$(AS) -c $(ASFLAGS) $< -o $@
	

build/%.hex: build/%.elf | build
#  commands to execute (from `../../libDaisy/core/Makefile', line 244):
	$(HEX) $< $@
	

build/%.bin: build/%.elf | build
#  commands to execute (from `../../libDaisy/core/Makefile', line 247):
	$(BIN) $< $@
	

# 5 implicit rules, 0 (0.0%) terminal.

# Files

build/Verb.elf: build/startup_stm32h750xx.o build/Verb.o Makefile
#  Implicit rule search has not been done.
#  File does not exist.
#  File has been updated.
#  Needs to be updated (-q is set).
# variable set hash-table stats:
# Load=0/32=0%, Rehash=0, Collisions=0/2=0%
#  commands to execute (from `../../libDaisy/core/Makefile', line 241):
	$(CXX) $(OBJECTS) $(LDFLAGS) -o $@
	

program:
#  Implicit rule search has not been done.
#  Modification time never checked.
#  File has not been updated.
#  commands to execute (from `../../libDaisy/core/Makefile', line 281):
	$(OCD) -s $(OCD_DIR) $(OCDFLAGS) \
	-c "program ./build/$(TARGET).elf verify reset exit"
	

debug_client:
#  Implicit rule search has not been done.
#  Modification time never checked.
#  File has not been updated.
#  commands to execute (from `../../libDaisy/core/Makefile', line 278):
	ddd --eval-command="target remote localhost:3333" --debugger $(GDB) $(TARGET_ELF)
	

all: build/Verb.elf build/Verb.hex build/Verb.bin
#  Command-line target.
#  Implicit rule search has been done.
#  File does not exist.
#  File has been updated.
#  Needs to be updated (-q is set).
# variable set hash-table stats:
# Load=0/32=0%, Rehash=0, Collisions=0/2=0%

openocd:
#  Implicit rule search has not been done.
#  Modification time never checked.
#  File has not been updated.
#  commands to execute (from `../../libDaisy/core/Makefile', line 263):
	$(OCD) -s $(OCD_DIR) $(OCDFLAGS)
	

program-dfu:
#  Implicit rule search has not been done.
#  Modification time never checked.
#  File has not been updated.
#  commands to execute (from `../../libDaisy/core/Makefile', line 289):
	dfu-util -a 0 -s $(FLASH_ADDRESS):leave -D $(BUILD_DIR)/$(TARGET_BIN) -d ,0483:df11
	

# Not a target:
.SUFFIXES:
#  Implicit rule search has not been done.
#  Modification time never checked.
#  File has not been updated.

# Not a target:
Makefile:
#  Implicit rule search has been done.
#  Last modified 2022-06-21 17:36:17
#  File has been updated.
#  Successfully updated.
# variable set hash-table stats:
# Load=0/32=0%, Rehash=0, Collisions=0/0=0%

debug:
#  Implicit rule search has not been done.
#  Modification time never checked.
#  File has not been updated.
#  commands to execute (from `../../libDaisy/core/Makefile', line 266):
	@if ! nc -z localhost 3333; then \
	echo "\n\t[Error] OpenOCD is not running! Start it with: 'make openocd'\n"; exit 1; \
	else \
	$(GDB)  -ex "target extended localhost:3333" \
	-ex "monitor arm semihosting enable" \
	-ex "monitor reset halt" \
	-ex "load" \
	-ex "monitor reset init" \
	$(GDBFLAGS) build/$(TARGET).elf; \
	fi
	

program-app:
#  Implicit rule search has not been done.
#  Modification time never checked.
#  File has not been updated.
 
#  commands to execute (from `../../libDaisy/core/Makefile', line 292):
	dfu-util -a 0 -s $(QSPI_ADDRESS):leave -D $(BUILD_DIR)/$(TARGET_BIN) -d ,0483:df11
	

build:
#  Implicit rule search has not been done.
#  Implicit/static pattern stem: `'
#  File does not exist.
#  File has been updated.
#  Needs to be updated (-q is set).
# automatic
# @ := build
# automatic
# % := 
# automatic
# * := 
# automatic
# + := 
# automatic
# | := 
# automatic
# < := 
# automatic
# ^ := 
# automatic
# ? := 
# variable set hash-table stats:
# Load=8/32=25%, Rehash=0, Collisions=1/11=9%
#  commands to execute (from `../../libDaisy/core/Makefile', line 250):
	mkdir $@
	

build/startup_stm32h750xx.o: ../../libDaisy/core/startup_stm32h750xx.c Makefile | build
#  Implicit rule search has been done.
#  Implicit/static pattern stem: `startup_stm32h750xx'
#  File does not exist.
#  File has been updated.
#  Needs to be updated (-q is set).
# variable set hash-table stats:
# Load=0/32=0%, Rehash=0, Collisions=0/2=0%
#  commands to execute (from `../../libDaisy/core/Makefile', line 232):
	$(CC) -c $(CFLAGS) $(C_STANDARD) -Wa,-a,-ad,-alms=$(BUILD_DIR)/$(notdir $(<:.c=.lst)) $< -o $@
	

# Not a target:
../../libDaisy/core/Makefile:
#  Implicit rule search has been done.
#  Last modified 2022-06-21 17:36:36
#  File has been updated.
#  Successfully updated.
# variable set hash-table stats:
# Load=0/32=0%, Rehash=0, Collisions=0/0=0%

# Not a target:
.DEFAULT:
#  Implicit rule search has not been done.
#  Modification time never checked.
#  File has not been updated.

clean:
#  Implicit rule search has not been done.
#  Modification time never checked.
#  File has not been updated.
#  commands to execute (from `../../libDaisy/core/Makefile', line 256):
	-rm -fR $(BUILD_DIR)
	

# Not a target:
build/Verb.bin:
#  Implicit rule search has not been done.
#  Modification time never checked.
#  File has not been updated.

# Not a target:
build/Verb.o:
#  Implicit rule search has not been done.
#  Modification time never checked.
#  File has not been updated.

# Not a target:
build/Verb.hex:
#  Implicit rule search has not been done.
#  Modification time never checked.
#  File has not been updated.

# Not a target:
../../libDaisy/core/startup_stm32h750xx.c:
#  Implicit rule search has been done.
#  Last modified 2022-06-21 17:36:36
#  File has been updated.
#  Successfully updated.
# variable set hash-table stats:
# Load=0/32=0%, Rehash=0, Collisions=0/0=0%

program-boot:
#  Implicit rule search has not been done.
#  Modification time never checked.
#  File has not been updated.
#  commands to execute (from `../../libDaisy/core/Makefile', line 295):
	dfu-util -a 0 -s $(FLASH_ADDRESS):leave -D $(BOOT_BIN) -d ,0483:df11
	

# files hash-table stats:
# Load=20/1024=2%, Rehash=0, Collisions=2/54=4%
# VPATH Search Paths

vpath %.c ../../libDaisy/core

# 1 `vpath' search paths.

# No general (`VPATH' variable) search path.

# # of strings in strcache: 2
# # of strcache buffers: 1
# strcache size: total = 4096 / max = 4096 / min = 4096 / avg = 4096
# strcache free: total = 4058 / max = 4058 / min = 4058 / avg = 4058

# Finished Make data base on Thu Jun 23 13:19:48 2022

 
